SEGGER J-Link GDB Server V6.12i LogFile
Logging started @ 2021-05-04 11:17
03-00000000-00-00000000-0023: -----GDB Server start settings-----
03-00000000-00-00000000-0023: GDBInit file:                  none
03-00000000-00-00000000-0023: GDB Server Listening port:     2331
03-00000000-00-00000000-0023: SWO raw output listening port: 2332
03-00000000-00-00000000-0023: Terminal I/O port:             2333
03-00000000-00-00000000-002D: Accept remote connection:      localhost only
03-00000000-00-00000000-0021: Generate logfile:              on
03-00000000-00-00000000-0022: Verify download:               off
03-00000000-00-00000000-0022: Init regs on start:            off
03-00000000-00-00000000-0021: Silent mode:                   on
03-00000000-00-00000001-0021: Single run mode:               on
03-00000000-00-00000001-0023: Target connection timeout:     0 ms
03-00000000-00-00000002-0023: ------J-Link related settings------
03-00000000-00-00000002-0022: J-Link Host interface:         USB
03-00000000-00-00000002-0023: J-Link script:                 none
03-00000000-00-00000002-0023: J-Link settings file:          none
03-00000000-00-00000002-0023: ------Target related settings------
03-00000000-00-00000002-0028: Target device:                 Cortex-M0
03-00000000-00-00000002-0022: Target interface:              SWD
03-00000000-00-00000002-0026: Target interface speed:        4000kHz
03-00000000-00-00000002-0025: Target endian:                 little
03-00000000-00-00000006-0017: Connecting to J-Link...
02-00000000-00-00000012-003D: Firmware: J-Link OB-SAM3U128 V3 compiled Feb  2 2021 16:48:08
02-00000000-00-00000012-000F: Hardware: V3.00
02-00000000-00-00000012-000E: S/N: 483030879
02-00000000-00-00000022-0052: Feature(s): RDIWEBSRV Webserver running on local port 19080 (0016ms, 0020ms total)
02-00000000-00-00000022-0033: T09C4 000:010   returns O.K. (0016ms, 0020ms total)
03-00000000-00-00000022-0014: J-Link is connected.
02-00000000-00-00000150-00B3: T09C4 000:026 JLINK_ExecCommand("device = Cortex-M0", ...). C:\Program Files (x86)\SEGGER\JLink_V612i\JLinkDevices.xml evaluated successfully.  returns 0x00 (0128ms, 0148ms total)
02-00000000-00-00000150-006A: T09C4 000:154 JLINK_ExecCommand("SetFlashRewriteBehavior = 1", ...).   returns 0x00 (0000ms, 0148ms total)
02-00000000-00-00000150-0041: T09C4 000:154 JLINK_GetFirmwareString(...) (0000ms, 0148ms total)
03-00000000-00-00000150-003D: Firmware: J-Link OB-SAM3U128 V3 compiled Feb  2 2021 16:48:08
02-00000000-00-00000150-004F: T09C4 000:154 JLINK_GetHardwareVersion()  returns 0x7530 (0000ms, 0148ms total)
03-00000000-00-00000150-000F: Hardware: V3.00
03-00000000-00-00000150-000E: S/N: 483030879
03-00000000-00-00000150-000F: Feature(s): RDI
02-00000000-00-00000151-0049: T09C4 000:154 JLINK_GetHWStatus(...)  returns 0x00 (0001ms, 0149ms total)
02-00000000-00-00000151-003C: T09C4 000:155 JLINK_EnableSoftBPs(ON) (0000ms, 0149ms total)
03-00000000-00-00000151-001A: Checking target voltage...
03-00000000-00-00000151-0016: Target voltage: 3.30 V
03-00000000-00-00000151-001D: Listening on TCP/IP port 2331
03-00000000-00-00000151-0017: Connecting to target...
02-00000000-00-00000151-0035: T09C4 000:155 JLINK_ClrError() (0000ms, 0149ms total)
02-00000000-00-00000152-0049: T09C4 000:155 JLINK_GetHWStatus(...)  returns 0x00 (0001ms, 0150ms total)
02-00000000-00-00000154-0055: T09C4 000:156 JLINK_TIF_Select(JLINKARM_TIF_SWD)  returns 0x00 (0002ms, 0152ms total)
02-00000000-00-00000154-0039: T09C4 000:158 JLINK_SetSpeed(4000) (0000ms, 0152ms total)
02-00000000-00-00000154-0044: T09C4 000:158 JLINK_GetSpeed()  returns 0xA6B (0000ms, 0152ms total)
02-00000000-00-00000154-0077: T09C4 000:158 JLINK_SetResetType(JLINKARM_RESET_TYPE_NORMAL)  returns JLINKARM_RESET_TYPE_NORMAL (0000ms, 0152ms total)
02-00000000-00-00000154-003B: T09C4 000:158 JLINK_SetResetDelay(0) (0000ms, 0152ms total)
02-00000000-00-00000154-0055: T09C4 000:158 JLINK_SetEndian(ARM_ENDIAN_LITTLE)  returns 0x00 (0000ms, 0152ms total)
02-00000000-00-00000172-01F3: T09C4 000:158 JLINK_Connect() >0x108 TIF>Found SWD-DP with ID 0x0BB11477 >0x0D TIF> >0x28 TIF> >0x0D TIF> >0x28 TIF> >0x0D TIF> >0x28 TIF> >0x0D TIF> >0x28 TIF> >0x0D TIF> >0x21 TIF> >0x0D TIF> >0x28 TIF> >0x0D TIF> >0x28 TIF> >0x0D TIF> >0x21 TIF> >0x0D TIF> >0x21 TIF> >0x0D TIF> >0x21 TIF>AP-IDR: 0x04770021, Type: AHB-APAHB-AP ROM: 0xE00FF000 (Base addr. of first ROM table) >0x0D TIF> >0x28 TIF> >0x0D TIF> >0x28 TIF> >0x0D TIF> >0x28 TIF> >0x0D TIF> >0x21 TIF> >0x0D TIF> >0x21 TIF> >0x0D TIF>
02-00000000-00-00000180-01E7:  >0x28 TIF> >0x0D TIF> >0x21 TIF> >0x0D TIF> >0x21 TIF>Found Cortex-M0 r0p0, Little endian. -- CPU_ReadMem(4 bytes @ 0xE000EDF0) -- CPU_ReadMem(4 bytes @ 0xE0002000) -- CPU_ReadMem(4 bytes @ 0xE000EDFC) -- CPU_ReadMem(4 bytes @ 0xE0001000) -- CPU_WriteMem(4 bytes @ 0xE0001000)CoreSight components:ROMTbl 0 @ E00FF000 -- CPU_ReadMem(16 bytes @ 0xE00FF000) -- CPU_ReadMem(16 bytes @ 0xE000EFF0) -- CPU_ReadMem(16 bytes @ 0xE000EFE0)ROMTbl 0 [0]: FFF0F000, CID: B105E00D, PID: 000BB008 SCS
02-00000000-00-00000183-012D:  -- CPU_ReadMem(16 bytes @ 0xE0001FF0) -- CPU_ReadMem(16 bytes @ 0xE0001FE0)ROMTbl 0 [1]: FFF02000, CID: B105E00D, PID: 000BB00A DWT -- CPU_ReadMem(16 bytes @ 0xE0002FF0) -- CPU_ReadMem(16 bytes @ 0xE0002FE0)ROMTbl 0 [2]: FFF03000, CID: B105E00D, PID: 000BB00B FPB  returns 0x00 (0029ms, 0181ms total)
02-00000000-00-00000184-00A2: T09C4 000:187 JLINK_GetIdData(...) >0x0D TIF> >0x21 TIF> ScanLen=4 NumDevices=1 aId[0]=0x0BB11477 aIrRead[0]=0 aScanLen[0]=0 aScanRead[0]=0 (0001ms, 0182ms total)
02-00000000-00-00000184-0047: T09C4 000:188 JLINK_GetDeviceFamily()  returns 6 (0000ms, 0182ms total)
02-00000000-00-00000184-004D: T09C4 000:188 JLINK_CORE_GetFound()  returns 0x60000FF (0000ms, 0182ms total)
02-00000000-00-00000187-0043: T09C4 000:188 JLINK_IsHalted()  returns TRUE (0003ms, 0185ms total)
02-00000000-00-00000188-0043: T09C4 000:192 JLINK_IsHalted()  returns TRUE (0000ms, 0182ms total)
03-00000000-00-00000188-0013: Connected to target
03-00000000-00-00000188-001D: Waiting for GDB connection...
03-00000000-00-00000188-0016: Connected to 127.0.0.1
02-00000000-00-00000189-007F: T08E0 000:193 JLINK_SetResetType(JLINKARM_CM3_RESET_TYPE_NORMAL)  returns JLINKARM_CM3_RESET_TYPE_NORMAL (0000ms, 0182ms total)
02-00000000-00-00000189-003E: T08E0 000:193 JLINK_ResetPullsRESET(ON) (0000ms, 0182ms total)
02-00000000-00-00000210-01FB: T08E0 000:193 JLINK_Reset() -- CPU_WriteMem(4 bytes @ 0xE000EDF0) -- CPU_WriteMem(4 bytes @ 0xE000EDFC) >0x35 TIF> -- CPU_WriteMem(4 bytes @ 0xE000ED0C) -- CPU_ReadMem(4 bytes @ 0xE000EDF0) -- CPU_ReadMem(4 bytes @ 0xE000EDF0) -- CPU_WriteMem(4 bytes @ 0xE000EDF0) -- CPU_WriteMem(4 bytes @ 0xE000EDFC) -- CPU is running -- CPU_ReadMem(4 bytes @ 0xE000EDF0) -- CPU_WriteMem(4 bytes @ 0xE0002000) -- CPU_ReadMem(4 bytes @ 0xE000EDFC) -- CPU_ReadMem(4 bytes @ 0xE0001000) -- CPU_WriteMem(4 bytes @ 0xE0001000)
02-00000000-00-00000210-0017:  (0021ms, 0203ms total)
03-00000000-00-00000210-003A: Resets core & peripherals via SYSRESETREQ & VECTRESET bit.
03-00000000-00-00000221-000A: Sleep 10ms
03-00000000-00-00000221-0015: Halting target CPU...
02-00000000-00-00000221-003F: T08E0 000:225 JLINK_Halt()  returns 0x00 (0000ms, 0203ms total)
02-00000000-00-00000221-0043: T08E0 000:225 JLINK_IsHalted()  returns TRUE (0000ms, 0203ms total)
02-00000000-00-00000221-0050: T08E0 000:225 JLINK_ReadReg(R15 (PC))  returns 0x0000022C (0000ms, 0203ms total)
03-00000000-00-00000221-0022: ...Target halted (PC = 0x0000022C)
02-00000000-00-00000222-007F: T08E0 000:225 JLINK_WriteU32(0x07FD0000, 0xDEADBEEF) -- CPU_WriteMem(4 bytes @ 0x07FD0000)  returns 0x00 (0001ms, 0204ms total)
03-00000000-00-00000222-0027: Writing 0xDEADBEEF @ address 0x07FD0000
02-00000000-00-00000223-007F: T08E0 000:226 JLINK_WriteU32(0x07FD0004, 0xDEADBEEF) -- CPU_WriteMem(4 bytes @ 0x07FD0004)  returns 0x00 (0001ms, 0205ms total)
03-00000000-00-00000223-0027: Writing 0xDEADBEEF @ address 0x07FD0004
02-00000000-00-00000223-007F: T08E0 000:227 JLINK_WriteU32(0x07FD0008, 0xDEADBEEF) -- CPU_WriteMem(4 bytes @ 0x07FD0008)  returns 0x00 (0000ms, 0205ms total)
03-00000000-00-00000224-0027: Writing 0xDEADBEEF @ address 0x07FD0008
02-00000000-00-00000224-007F: T08E0 000:228 JLINK_WriteU32(0x07FD000C, 0xDEAD10CC) -- CPU_WriteMem(4 bytes @ 0x07FD000C)  returns 0x00 (0000ms, 0205ms total)
03-00000000-00-00000224-0027: Writing 0xDEAD10CC @ address 0x07FD000C
03-00000000-00-00000224-0028: Downloading 4 bytes @ address 0x400C3050
02-00000000-00-00000225-009A: T08E0 000:228 JLINK_WriteMem(0x400C3050, 0x0004 Bytes, ...) - Data: 01 00 00 00 -- CPU_WriteMem(4 bytes @ 0x400C3050)  returns 0x04 (0001ms, 0206ms total)
03-00000000-00-00000326-000B: Sleep 100ms
02-00000000-00-00001337-007F: T08E0 001:341 JLINK_SetResetType(JLINKARM_CM3_RESET_TYPE_NORMAL)  returns JLINKARM_CM3_RESET_TYPE_NORMAL (0000ms, 0206ms total)
02-00000000-00-00001337-003E: T08E0 001:341 JLINK_ResetPullsRESET(ON) (0000ms, 0206ms total)
02-00000000-00-00001353-01E4: T08E0 001:341 JLINK_Reset() -- CPU_WriteMem(4 bytes @ 0xE000EDF0) -- CPU_WriteMem(4 bytes @ 0xE000EDFC) >0x35 TIF> -- CPU_WriteMem(4 bytes @ 0xE000ED0C) -- CPU_ReadMem(4 bytes @ 0xE000EDF0) >0x108 TIF>Found SWD-DP with ID 0x0BB11477 >0x0D TIF> >0x28 TIF> >0x0D TIF> >0x28 TIF> >0x0D TIF> >0x28 TIF> >0x0D TIF> >0x28 TIF> >0x0D TIF> >0x21 TIF> >0x0D TIF> >0x28 TIF> >0x0D TIF> >0x28 TIF> >0x0D TIF> >0x21 TIF> >0x0D TIF> >0x21 TIF> >0x0D TIF> >0x21 TIF>AP-IDR: 0x04770021, Type: AHB-AP
02-00000000-00-00001364-01F7: AHB-AP ROM: 0xE00FF000 (Base addr. of first ROM table) >0x0D TIF> >0x28 TIF> >0x0D TIF> >0x28 TIF> >0x0D TIF> >0x28 TIF> >0x0D TIF> >0x21 TIF> >0x0D TIF> >0x21 TIF> >0x0D TIF> >0x28 TIF> >0x0D TIF> >0x21 TIF> >0x0D TIF> >0x21 TIF>Found Cortex-M0 r0p0, Little endian. -- CPU_WriteMem(4 bytes @ 0xE000EDF0) -- CPU_WriteMem(4 bytes @ 0xE000EDFC) >0x35 TIF> -- CPU_WriteMem(4 bytes @ 0xE000ED0C) -- CPU_ReadMem(4 bytes @ 0xE000EDF0) -- CPU_ReadMem(4 bytes @ 0xE000EDF0) -- CPU_WriteMem(4 bytes @ 0xE000EDF0)
02-00000000-00-00001377-010A:  -- CPU_WriteMem(4 bytes @ 0xE000EDFC) -- CPU is running -- CPU_ReadMem(4 bytes @ 0xE000EDF0) -- CPU_WriteMem(4 bytes @ 0xE0002000) -- CPU_ReadMem(4 bytes @ 0xE000EDFC) -- CPU_ReadMem(4 bytes @ 0xE0001000) -- CPU_WriteMem(4 bytes @ 0xE0001000) (0040ms, 0246ms total)
03-00000000-00-00001377-003A: Resets core & peripherals via SYSRESETREQ & VECTRESET bit.
03-00000000-00-00001379-0009: Sleep 1ms
03-00000000-00-00001379-0015: Halting target CPU...
02-00000000-00-00001379-003F: T08E0 001:383 JLINK_Halt()  returns 0x00 (0000ms, 0246ms total)
02-00000000-00-00001379-0043: T08E0 001:383 JLINK_IsHalted()  returns TRUE (0000ms, 0246ms total)
02-00000000-00-00001379-0050: T08E0 001:383 JLINK_ReadReg(R15 (PC))  returns 0x07F01DFC (0000ms, 0246ms total)
03-00000000-00-00001379-0022: ...Target halted (PC = 0x07F01DFC)
03-00000000-00-00001379-0028: Downloading 2 bytes @ address 0x50000012
02-00000000-00-00001380-0094: T08E0 001:383 JLINK_WriteMem(0x50000012, 0x0002 Bytes, ...) - Data: AB 00 -- CPU_WriteMem(2 bytes @ 0x50000012)  returns 0x02 (0001ms, 0247ms total)
03-00000000-00-00001412-0047: Loading binary file [C:\Users\ANDREW~1\AppData\Local\Temp\ECF9.tmp] ...
03-00000000-00-00001419-002C: Downloading 24388 bytes @ address 0x00000000
02-00000000-00-00001549-00C8: T08E0 001:423 JLINK_WriteMem(0x00000000, 0x5F44 Bytes, ...) - Data: 00 94 00 00 2D 02 00 00 2D 05 00 00 2D 05 00 00 ... -- CPU_WriteMem(24388 bytes @ 0x00000000)  returns 0x5F44 (0130ms, 0377ms total)
03-00000000-00-00001549-0038: Binary file loaded successfully (24388 bytes downloaded)
02-00000000-00-00001549-007F: T08E0 001:553 JLINK_SetResetType(JLINKARM_CM3_RESET_TYPE_NORMAL)  returns JLINKARM_CM3_RESET_TYPE_NORMAL (0000ms, 0377ms total)
02-00000000-00-00001549-003E: T08E0 001:553 JLINK_ResetPullsRESET(ON) (0000ms, 0377ms total)
02-00000000-00-00001570-01FB: T08E0 001:553 JLINK_Reset() -- CPU_ReadMem(4 bytes @ 0x00000000) -- CPU_WriteMem(4 bytes @ 0x00000000) -- CPU_WriteMem(4 bytes @ 0xE000EDF0) -- CPU_WriteMem(4 bytes @ 0xE000EDFC) >0x35 TIF> -- CPU_WriteMem(4 bytes @ 0xE000ED0C) -- CPU_ReadMem(4 bytes @ 0xE000EDF0) -- CPU_ReadMem(4 bytes @ 0xE000EDF0) -- CPU_WriteMem(4 bytes @ 0xE000EDF0) -- CPU_WriteMem(4 bytes @ 0xE000EDFC) -- CPU is running -- CPU_ReadMem(4 bytes @ 0xE000EDF0) -- CPU_WriteMem(4 bytes @ 0xE0002000) -- CPU_ReadMem(4 bytes @ 0xE000EDFC)
02-00000000-00-00001571-0062:  -- CPU_ReadMem(4 bytes @ 0xE0001000) -- CPU_WriteMem(4 bytes @ 0xE0001000) (0022ms, 0399ms total)
03-00000000-00-00001571-003A: Resets core & peripherals via SYSRESETREQ & VECTRESET bit.
03-00000000-00-00001572-0015: Halting target CPU...
02-00000000-00-00001572-003F: T08E0 001:576 JLINK_Halt()  returns 0x00 (0000ms, 0399ms total)
02-00000000-00-00001572-0043: T08E0 001:576 JLINK_IsHalted()  returns TRUE (0000ms, 0399ms total)
02-00000000-00-00001572-0050: T08E0 001:576 JLINK_ReadReg(R15 (PC))  returns 0x0000022C (0000ms, 0399ms total)
03-00000000-00-00001572-0022: ...Target halted (PC = 0x0000022C)
03-00000000-00-00001572-0028: Downloading 1 bytes @ address 0x00000218
02-00000000-00-00001572-0091: T08E0 001:576 JLINK_WriteMem(0x00000218, 0x0001 Bytes, ...) - Data: 01 -- CPU_WriteMem(1 bytes @ 0x00000218)  returns 0x01 (0000ms, 0399ms total)
03-00000000-00-00001573-0019: Performing single step...
02-00000000-00-00001581-0131: T08E0 001:577 JLINK_Step() -- CPU_ReadMem(2 bytes @ 0x0000022C) -- CPU_ReadMem(4 bytes @ 0xE000ED18) -- CPU_WriteMem(4 bytes @ 0xE000ED18) -- CPU_ReadMem(4 bytes @ 0xE000ED18) -- CPU_WriteMem(4 bytes @ 0xE000ED18) -- Not simulated -- CPU_WriteMem(4 bytes @ 0xE0001004)  returns 0x00 (0008ms, 0407ms total)
02-00000000-00-00001581-0043: T08E0 001:585 JLINK_IsHalted()  returns TRUE (0000ms, 0407ms total)
02-00000000-00-00001581-0050: T08E0 001:585 JLINK_ReadReg(R15 (PC))  returns 0x0000022E (0000ms, 0407ms total)
02-00000000-00-00001582-006A: T08E0 001:585 JLINK_GetMOEs(...) -- CPU_ReadMem(4 bytes @ 0xE000ED30)  returns 0x01 (0001ms, 0408ms total)
03-00000000-00-00001582-0030: ...Target halted (Vector catch, PC = 0x0000022E)
03-00000000-00-00001582-0016: Starting target CPU...
02-00000000-00-00001582-0043: T08E0 001:586 JLINK_IsHalted()  returns TRUE (0000ms, 0408ms total)
02-00000000-00-00001584-00C1: T08E0 001:586 JLINK_GoEx(MaxEmulInsts = -1, Flags = 0x00) -- CPU_ReadMem(4 bytes @ 0xE0001000) -- CPU_WriteMem(4 bytes @ 0xE000ED30) -- CPU_WriteMem(4 bytes @ 0xE0001000) (0002ms, 0410ms total)
02-00000000-00-00001585-0044: T08E0 001:588 JLINK_IsHalted()  returns FALSE (0001ms, 0411ms total)
02-00000000-00-00001606-0044: T08E0 001:610 JLINK_IsHalted()  returns FALSE (0000ms, 0410ms total)
02-00000000-00-00001627-0044: T08E0 001:631 JLINK_IsHalted()  returns FALSE (0000ms, 0410ms total)
02-00000000-00-00001648-0044: T08E0 001:652 JLINK_IsHalted()  returns FALSE (0000ms, 0410ms total)
02-00000000-00-00001669-0044: T08E0 001:673 JLINK_IsHalted()  returns FALSE (0000ms, 0410ms total)
02-00000000-00-00001690-0044: T08E0 001:694 JLINK_IsHalted()  returns FALSE (0000ms, 0410ms total)
02-00000000-00-00001711-0044: T08E0 001:715 JLINK_IsHalted()  returns FALSE (0000ms, 0410ms total)
02-00000000-00-00001732-0044: T08E0 001:736 JLINK_IsHalted()  returns FALSE (0000ms, 0410ms total)
02-00000000-00-00001753-0044: T08E0 001:757 JLINK_IsHalted()  returns FALSE (0000ms, 0410ms total)
02-00000000-00-00001775-0044: T08E0 001:779 JLINK_IsHalted()  returns FALSE (0000ms, 0410ms total)
02-00000000-00-00001797-0044: T08E0 001:801 JLINK_IsHalted()  returns FALSE (0000ms, 0410ms total)
02-00000000-00-00001818-0044: T08E0 001:822 JLINK_IsHalted()  returns FALSE (0000ms, 0410ms total)
02-00000000-00-00001839-0044: T08E0 001:843 JLINK_IsHalted()  returns FALSE (0000ms, 0410ms total)
02-00000000-00-00001860-0044: T08E0 001:864 JLINK_IsHalted()  returns FALSE (0000ms, 0410ms total)
02-00000000-00-00001881-0044: T08E0 001:885 JLINK_IsHalted()  returns FALSE (0000ms, 0410ms total)
02-00000000-00-00001902-0044: T08E0 001:906 JLINK_IsHalted()  returns FALSE (0000ms, 0410ms total)
02-00000000-00-00001923-0044: T08E0 001:927 JLINK_IsHalted()  returns FALSE (0000ms, 0410ms total)
02-00000000-00-00001944-0044: T08E0 001:948 JLINK_IsHalted()  returns FALSE (0000ms, 0410ms total)
02-00000000-00-00001966-0044: T08E0 001:970 JLINK_IsHalted()  returns FALSE (0000ms, 0410ms total)
02-00000000-00-00001987-0044: T08E0 001:991 JLINK_IsHalted()  returns FALSE (0000ms, 0410ms total)
02-00000000-00-00002008-0044: T08E0 002:012 JLINK_IsHalted()  returns FALSE (0000ms, 0410ms total)
02-00000000-00-00002029-0044: T08E0 002:033 JLINK_IsHalted()  returns FALSE (0000ms, 0410ms total)
02-00000000-00-00002050-0044: T08E0 002:054 JLINK_IsHalted()  returns FALSE (0000ms, 0410ms total)
02-00000000-00-00002071-0044: T08E0 002:075 JLINK_IsHalted()  returns FALSE (0000ms, 0410ms total)
02-00000000-00-00002092-0044: T08E0 002:096 JLINK_IsHalted()  returns FALSE (0000ms, 0410ms total)
02-00000000-00-00002113-0044: T08E0 002:117 JLINK_IsHalted()  returns FALSE (0000ms, 0410ms total)
02-00000000-00-00002134-0044: T08E0 002:138 JLINK_IsHalted()  returns FALSE (0000ms, 0410ms total)
02-00000000-00-00002155-0044: T08E0 002:159 JLINK_IsHalted()  returns FALSE (0000ms, 0410ms total)
02-00000000-00-00002176-0044: T08E0 002:180 JLINK_IsHalted()  returns FALSE (0000ms, 0410ms total)
02-00000000-00-00002197-0044: T08E0 002:201 JLINK_IsHalted()  returns FALSE (0000ms, 0410ms total)
02-00000000-00-00002212-0049: T0EAC 002:216 JLINK_GetHWStatus(...)  returns 0x00 (0000ms, 0410ms total)
02-00000000-00-00002218-0044: T08E0 002:222 JLINK_IsHalted()  returns FALSE (0000ms, 0410ms total)
02-00000000-00-00002239-0044: T08E0 002:243 JLINK_IsHalted()  returns FALSE (0000ms, 0410ms total)
02-00000000-00-00002260-0044: T08E0 002:264 JLINK_IsHalted()  returns FALSE (0000ms, 0410ms total)
02-00000000-00-00002281-0044: T08E0 002:285 JLINK_IsHalted()  returns FALSE (0000ms, 0410ms total)
02-00000000-00-00002302-0044: T08E0 002:306 JLINK_IsHalted()  returns FALSE (0000ms, 0410ms total)
02-00000000-00-00002324-0044: T08E0 002:328 JLINK_IsHalted()  returns FALSE (0000ms, 0410ms total)
02-00000000-00-00002346-0044: T08E0 002:349 JLINK_IsHalted()  returns FALSE (0001ms, 0411ms total)
02-00000000-00-00002367-0044: T08E0 002:371 JLINK_IsHalted()  returns FALSE (0000ms, 0410ms total)
02-00000000-00-00002388-0044: T08E0 002:392 JLINK_IsHalted()  returns FALSE (0000ms, 0410ms total)
02-00000000-00-00002409-0044: T08E0 002:413 JLINK_IsHalted()  returns FALSE (0000ms, 0410ms total)
02-00000000-00-00002430-0044: T08E0 002:434 JLINK_IsHalted()  returns FALSE (0000ms, 0410ms total)
02-00000000-00-00002451-0044: T08E0 002:455 JLINK_IsHalted()  returns FALSE (0000ms, 0410ms total)
02-00000000-00-00002472-0044: T08E0 002:476 JLINK_IsHalted()  returns FALSE (0000ms, 0410ms total)
02-00000000-00-00002493-0044: T08E0 002:497 JLINK_IsHalted()  returns FALSE (0000ms, 0410ms total)
02-00000000-00-00002514-0044: T08E0 002:518 JLINK_IsHalted()  returns FALSE (0000ms, 0410ms total)
02-00000000-00-00002535-0044: T08E0 002:539 JLINK_IsHalted()  returns FALSE (0000ms, 0410ms total)
02-00000000-00-00002556-0044: T08E0 002:560 JLINK_IsHalted()  returns FALSE (0000ms, 0410ms total)
02-00000000-00-00002577-0044: T08E0 002:581 JLINK_IsHalted()  returns FALSE (0000ms, 0410ms total)
02-00000000-00-00002598-0044: T08E0 002:602 JLINK_IsHalted()  returns FALSE (0000ms, 0410ms total)
02-00000000-00-00002619-0044: T08E0 002:623 JLINK_IsHalted()  returns FALSE (0000ms, 0410ms total)
02-00000000-00-00002640-0044: T08E0 002:644 JLINK_IsHalted()  returns FALSE (0000ms, 0410ms total)
02-00000000-00-00002661-0044: T08E0 002:665 JLINK_IsHalted()  returns FALSE (0000ms, 0410ms total)
02-00000000-00-00002683-0044: T08E0 002:687 JLINK_IsHalted()  returns FALSE (0000ms, 0410ms total)
02-00000000-00-00002705-0044: T08E0 002:708 JLINK_IsHalted()  returns FALSE (0001ms, 0411ms total)
02-00000000-00-00002726-0044: T08E0 002:730 JLINK_IsHalted()  returns FALSE (0000ms, 0410ms total)
02-00000000-00-00002748-0044: T08E0 002:751 JLINK_IsHalted()  returns FALSE (0001ms, 0411ms total)
02-00000000-00-00002769-0044: T08E0 002:773 JLINK_IsHalted()  returns FALSE (0000ms, 0410ms total)
02-00000000-00-00002790-0044: T08E0 002:794 JLINK_IsHalted()  returns FALSE (0000ms, 0410ms total)
02-00000000-00-00002811-0044: T08E0 002:815 JLINK_IsHalted()  returns FALSE (0000ms, 0410ms total)
02-00000000-00-00002832-0044: T08E0 002:836 JLINK_IsHalted()  returns FALSE (0000ms, 0410ms total)
02-00000000-00-00002853-0044: T08E0 002:857 JLINK_IsHalted()  returns FALSE (0000ms, 0410ms total)
02-00000000-00-00002874-0044: T08E0 002:878 JLINK_IsHalted()  returns FALSE (0000ms, 0410ms total)
02-00000000-00-00002895-0044: T08E0 002:899 JLINK_IsHalted()  returns FALSE (0000ms, 0410ms total)
02-00000000-00-00002916-0044: T08E0 002:920 JLINK_IsHalted()  returns FALSE (0000ms, 0410ms total)
02-00000000-00-00002939-0044: T08E0 002:942 JLINK_IsHalted()  returns FALSE (0001ms, 0411ms total)
02-00000000-00-00002960-0044: T08E0 002:964 JLINK_IsHalted()  returns FALSE (0000ms, 0410ms total)
02-00000000-00-00002984-0043: T08E0 002:985 JLINK_IsHalted()  returns TRUE (0003ms, 0413ms total)
02-00000000-00-00002984-0050: T08E0 002:988 JLINK_ReadReg(R15 (PC))  returns 0x000013CE (0000ms, 0410ms total)
02-00000000-00-00002985-006A: T08E0 002:988 JLINK_GetMOEs(...) -- CPU_ReadMem(4 bytes @ 0xE000ED30)  returns 0x01 (0001ms, 0411ms total)
02-00000000-00-00002986-00F0: T08E0 002:989 JLINK_ReadMemU16(0x000013CE, 0x0001 Items, ...) -- CPU_ReadMem(64 bytes @ 0x000013C0) -- Updating DA cache (64 bytes @ 0x000013C0) -- Read from DA cache (2 bytes @ 0x000013CE) - Data: 0C BE  returns 0x01 (0001ms, 0412ms total)
02-00000000-00-00003007-0090: T08E0 003:011 JLINK_ReadMem (0x50003200, 0x0001 Bytes, ...) -- CPU_ReadMem(1 bytes @ 0x50003200) - Data: 36  returns 0x00 (0000ms, 0412ms total)
03-00000000-00-00003007-002F: Read 1 bytes @ address 0x50003200 (Data = 0x36)
02-00000000-00-00003008-0090: T08E0 003:012 JLINK_ReadMem (0x50003201, 0x0001 Bytes, ...) -- CPU_ReadMem(1 bytes @ 0x50003201) - Data: 38  returns 0x00 (0000ms, 0412ms total)
03-00000000-00-00003008-002F: Read 1 bytes @ address 0x50003201 (Data = 0x38)
02-00000000-00-00003009-0090: T08E0 003:013 JLINK_ReadMem (0x50003202, 0x0001 Bytes, ...) -- CPU_ReadMem(1 bytes @ 0x50003202) - Data: 30  returns 0x00 (0000ms, 0412ms total)
03-00000000-00-00003009-002F: Read 1 bytes @ address 0x50003202 (Data = 0x30)
02-00000000-00-00003010-0090: T08E0 003:013 JLINK_ReadMem (0x50003204, 0x0001 Bytes, ...) -- CPU_ReadMem(1 bytes @ 0x50003204) - Data: 42  returns 0x00 (0001ms, 0413ms total)
03-00000000-00-00003010-002F: Read 1 bytes @ address 0x50003204 (Data = 0x42)
02-00000000-00-00003011-0090: T08E0 003:015 JLINK_ReadMem (0x5000320A, 0x0001 Bytes, ...) -- CPU_ReadMem(1 bytes @ 0x5000320A) - Data: 01  returns 0x00 (0000ms, 0413ms total)
03-00000000-00-00003011-002F: Read 1 bytes @ address 0x5000320A (Data = 0x01)
03-00000000-00-00003011-0029: Downloading 10 bytes @ address 0x00004E6D
02-00000000-00-00003012-00AD: T08E0 003:015 JLINK_WriteMem(0x00004E6D, 0x000A Bytes, ...) - Data: 01 07 06 00 44 1D 00 00 02 00 -- CPU_WriteMem(10 bytes @ 0x00004E6D)  returns 0x0A (0001ms, 0414ms total)
03-00000000-00-00003013-0028: Downloading 4 bytes @ address 0x0000021C
02-00000000-00-00003013-009A: T08E0 003:017 JLINK_WriteMem(0x0000021C, 0x0004 Bytes, ...) - Data: 01 00 00 00 -- CPU_WriteMem(4 bytes @ 0x0000021C)  returns 0x04 (0000ms, 0414ms total)
03-00000000-00-00003013-0019: Performing single step...
02-00000000-00-00003014-0096: T08E0 003:017 JLINK_Step() -- CPU_ReadMem(2 bytes @ 0x000013CE) -- CPU_ReadMem(4 bytes @ 0xE0001004) -- Simulated  returns 0x00 (0001ms, 0415ms total)
02-00000000-00-00003014-0043: T08E0 003:018 JLINK_IsHalted()  returns TRUE (0000ms, 0415ms total)
02-00000000-00-00003015-0050: T08E0 003:019 JLINK_ReadReg(R15 (PC))  returns 0x000013D0 (0000ms, 0415ms total)
02-00000000-00-00003015-0045: T08E0 003:019 JLINK_GetMOEs(...)  returns 0x01 (0000ms, 0415ms total)
02-00000000-00-00003015-0095: T08E0 003:019 JLINK_ReadMemU16(0x000013D0, 0x0001 Items, ...) -- CPU_ReadMem(2 bytes @ 0x000013D0) - Data: 33 1C  returns 0x01 (0000ms, 0415ms total)
03-00000000-00-00003015-002A: ...Breakpoint reached @ address 0x000013D0
03-00000000-00-00003015-0016: Starting target CPU...
02-00000000-00-00003015-0043: T08E0 003:019 JLINK_IsHalted()  returns TRUE (0000ms, 0415ms total)
02-00000000-00-00003019-00E7: T08E0 003:019 JLINK_GoEx(MaxEmulInsts = -1, Flags = 0x00) -- CPU_ReadMem(4 bytes @ 0xE0001000) -- CPU_WriteMem(4 bytes @ 0xE000ED30) -- CPU_WriteMem(4 bytes @ 0xE0001000) -- CPU_WriteMem(4 bytes @ 0xE0001004) (0004ms, 0419ms total)
02-00000000-00-00003022-0043: T08E0 003:023 JLINK_IsHalted()  returns TRUE (0003ms, 0422ms total)
02-00000000-00-00003022-0050: T08E0 003:026 JLINK_ReadReg(R15 (PC))  returns 0x000013CE (0000ms, 0419ms total)
02-00000000-00-00003023-006A: T08E0 003:026 JLINK_GetMOEs(...) -- CPU_ReadMem(4 bytes @ 0xE000ED30)  returns 0x01 (0001ms, 0420ms total)
02-00000000-00-00003024-00F0: T08E0 003:027 JLINK_ReadMemU16(0x000013CE, 0x0001 Items, ...) -- CPU_ReadMem(64 bytes @ 0x000013C0) -- Updating DA cache (64 bytes @ 0x000013C0) -- Read from DA cache (2 bytes @ 0x000013CE) - Data: 0C BE  returns 0x01 (0001ms, 0421ms total)
02-00000000-00-00003025-00EB: T08E0 003:028 JLINK_ReadMem (0x00000228, 0x0001 Bytes, ...) -- CPU_ReadMem(64 bytes @ 0x00000200) -- Updating DA cache (64 bytes @ 0x00000200) -- Read from DA cache (1 bytes @ 0x00000228) - Data: 06  returns 0x00 (0001ms, 0422ms total)
03-00000000-00-00003025-002F: Read 1 bytes @ address 0x00000228 (Data = 0x06)
03-00000000-00-00003025-0024: Reading 8 bytes @ address 0x07FC9400
02-00000000-00-00003025-00A5: T08E0 003:029 JLINK_ReadMem (0x07FC9400, 0x0008 Bytes, ...) -- CPU_ReadMem(8 bytes @ 0x07FC9400) - Data: 31 34 36 38 33 42 42 20  returns 0x00 (0000ms, 0422ms total)
03-00000000-00-00003026-0029: Downloading 10 bytes @ address 0x00004E6D
02-00000000-00-00003027-00AD: T08E0 003:030 JLINK_WriteMem(0x00004E6D, 0x000A Bytes, ...) - Data: 01 07 06 00 40 1D 00 00 02 00 -- CPU_WriteMem(10 bytes @ 0x00004E6D)  returns 0x0A (0001ms, 0423ms total)
03-00000000-00-00003027-0028: Downloading 4 bytes @ address 0x0000021C
02-00000000-00-00003027-009A: T08E0 003:031 JLINK_WriteMem(0x0000021C, 0x0004 Bytes, ...) - Data: 02 00 00 00 -- CPU_WriteMem(4 bytes @ 0x0000021C)  returns 0x04 (0000ms, 0423ms total)
03-00000000-00-00003028-0019: Performing single step...
02-00000000-00-00003029-0096: T08E0 003:032 JLINK_Step() -- CPU_ReadMem(2 bytes @ 0x000013CE) -- CPU_ReadMem(4 bytes @ 0xE0001004) -- Simulated  returns 0x00 (0001ms, 0424ms total)
02-00000000-00-00003029-0043: T08E0 003:033 JLINK_IsHalted()  returns TRUE (0000ms, 0424ms total)
02-00000000-00-00003029-0050: T08E0 003:033 JLINK_ReadReg(R15 (PC))  returns 0x000013D0 (0000ms, 0424ms total)
02-00000000-00-00003029-0045: T08E0 003:033 JLINK_GetMOEs(...)  returns 0x01 (0000ms, 0424ms total)
02-00000000-00-00003029-0095: T08E0 003:033 JLINK_ReadMemU16(0x000013D0, 0x0001 Items, ...) -- CPU_ReadMem(2 bytes @ 0x000013D0) - Data: 33 1C  returns 0x01 (0000ms, 0424ms total)
03-00000000-00-00003029-002A: ...Breakpoint reached @ address 0x000013D0
03-00000000-00-00003029-0016: Starting target CPU...
02-00000000-00-00003029-0043: T08E0 003:033 JLINK_IsHalted()  returns TRUE (0000ms, 0424ms total)
02-00000000-00-00003033-00E7: T08E0 003:033 JLINK_GoEx(MaxEmulInsts = -1, Flags = 0x00) -- CPU_ReadMem(4 bytes @ 0xE0001000) -- CPU_WriteMem(4 bytes @ 0xE000ED30) -- CPU_WriteMem(4 bytes @ 0xE0001000) -- CPU_WriteMem(4 bytes @ 0xE0001004) (0004ms, 0428ms total)
02-00000000-00-00003036-0043: T08E0 003:037 JLINK_IsHalted()  returns TRUE (0003ms, 0431ms total)
02-00000000-00-00003036-0050: T08E0 003:040 JLINK_ReadReg(R15 (PC))  returns 0x000013CE (0000ms, 0428ms total)
02-00000000-00-00003037-006A: T08E0 003:040 JLINK_GetMOEs(...) -- CPU_ReadMem(4 bytes @ 0xE000ED30)  returns 0x01 (0001ms, 0429ms total)
02-00000000-00-00003038-00F0: T08E0 003:041 JLINK_ReadMemU16(0x000013CE, 0x0001 Items, ...) -- CPU_ReadMem(64 bytes @ 0x000013C0) -- Updating DA cache (64 bytes @ 0x000013C0) -- Read from DA cache (2 bytes @ 0x000013CE) - Data: 0C BE  returns 0x01 (0001ms, 0430ms total)
02-00000000-00-00003039-00EB: T08E0 003:042 JLINK_ReadMem (0x00000228, 0x0001 Bytes, ...) -- CPU_ReadMem(64 bytes @ 0x00000200) -- Updating DA cache (64 bytes @ 0x00000200) -- Read from DA cache (1 bytes @ 0x00000228) - Data: 06  returns 0x00 (0001ms, 0431ms total)
03-00000000-00-00003039-002F: Read 1 bytes @ address 0x00000228 (Data = 0x06)
03-00000000-00-00003039-0024: Reading 8 bytes @ address 0x07FC9400
02-00000000-00-00003040-00A5: T08E0 003:043 JLINK_ReadMem (0x07FC9400, 0x0008 Bytes, ...) -- CPU_ReadMem(8 bytes @ 0x07FC9400) - Data: 00 00 00 55 00 00 00 00  returns 0x00 (0001ms, 0432ms total)
03-00000000-00-00003041-002B: Downloading 8192 bytes @ address 0x07FC9400
02-00000000-00-00003085-00C7: T08E0 003:045 JLINK_WriteMem(0x07FC9400, 0x2000 Bytes, ...) - Data: FF FF 00 00 80 01 69 C8 00 00 FE 07 01 02 00 08 ... -- CPU_WriteMem(8192 bytes @ 0x07FC9400)  returns 0x2000 (0044ms, 0476ms total)
03-00000000-00-00003085-0029: Downloading 14 bytes @ address 0x00004E6D
02-00000000-00-00003086-00B9: T08E0 003:089 JLINK_WriteMem(0x00004E6D, 0x000E Bytes, ...) - Data: 01 03 0A 00 00 94 FC 07 00 20 00 00 00 00 -- CPU_WriteMem(14 bytes @ 0x00004E6D)  returns 0x0E (0001ms, 0477ms total)
03-00000000-00-00003086-0028: Downloading 4 bytes @ address 0x0000021C
02-00000000-00-00003087-009A: T08E0 003:090 JLINK_WriteMem(0x0000021C, 0x0004 Bytes, ...) - Data: 03 00 00 00 -- CPU_WriteMem(4 bytes @ 0x0000021C)  returns 0x04 (0001ms, 0478ms total)
03-00000000-00-00003087-0019: Performing single step...
02-00000000-00-00003088-0096: T08E0 003:091 JLINK_Step() -- CPU_ReadMem(2 bytes @ 0x000013CE) -- CPU_ReadMem(4 bytes @ 0xE0001004) -- Simulated  returns 0x00 (0001ms, 0479ms total)
02-00000000-00-00003088-0043: T08E0 003:092 JLINK_IsHalted()  returns TRUE (0000ms, 0479ms total)
02-00000000-00-00003088-0050: T08E0 003:092 JLINK_ReadReg(R15 (PC))  returns 0x000013D0 (0000ms, 0479ms total)
02-00000000-00-00003088-0045: T08E0 003:092 JLINK_GetMOEs(...)  returns 0x01 (0000ms, 0479ms total)
02-00000000-00-00003089-0095: T08E0 003:092 JLINK_ReadMemU16(0x000013D0, 0x0001 Items, ...) -- CPU_ReadMem(2 bytes @ 0x000013D0) - Data: 33 1C  returns 0x01 (0001ms, 0480ms total)
03-00000000-00-00003089-002A: ...Breakpoint reached @ address 0x000013D0
03-00000000-00-00003089-0016: Starting target CPU...
02-00000000-00-00003089-0043: T08E0 003:093 JLINK_IsHalted()  returns TRUE (0000ms, 0480ms total)
02-00000000-00-00003093-00E7: T08E0 003:093 JLINK_GoEx(MaxEmulInsts = -1, Flags = 0x00) -- CPU_ReadMem(4 bytes @ 0xE0001000) -- CPU_WriteMem(4 bytes @ 0xE000ED30) -- CPU_WriteMem(4 bytes @ 0xE0001000) -- CPU_WriteMem(4 bytes @ 0xE0001004) (0004ms, 0484ms total)
02-00000000-00-00003093-0044: T08E0 003:097 JLINK_IsHalted()  returns FALSE (0000ms, 0484ms total)
02-00000000-00-00003114-0044: T08E0 003:118 JLINK_IsHalted()  returns FALSE (0000ms, 0484ms total)
02-00000000-00-00003135-0044: T08E0 003:139 JLINK_IsHalted()  returns FALSE (0000ms, 0484ms total)
02-00000000-00-00003156-0044: T08E0 003:160 JLINK_IsHalted()  returns FALSE (0000ms, 0484ms total)
02-00000000-00-00003178-0044: T08E0 003:181 JLINK_IsHalted()  returns FALSE (0001ms, 0485ms total)
02-00000000-00-00003202-0043: T08E0 003:203 JLINK_IsHalted()  returns TRUE (0003ms, 0487ms total)
02-00000000-00-00003202-0050: T08E0 003:206 JLINK_ReadReg(R15 (PC))  returns 0x000013CE (0000ms, 0484ms total)
02-00000000-00-00003203-006A: T08E0 003:206 JLINK_GetMOEs(...) -- CPU_ReadMem(4 bytes @ 0xE000ED30)  returns 0x01 (0001ms, 0485ms total)
02-00000000-00-00003204-00F0: T08E0 003:207 JLINK_ReadMemU16(0x000013CE, 0x0001 Items, ...) -- CPU_ReadMem(64 bytes @ 0x000013C0) -- Updating DA cache (64 bytes @ 0x000013C0) -- Read from DA cache (2 bytes @ 0x000013CE) - Data: 0C BE  returns 0x01 (0001ms, 0486ms total)
02-00000000-00-00003205-00EB: T08E0 003:208 JLINK_ReadMem (0x00000228, 0x0001 Bytes, ...) -- CPU_ReadMem(64 bytes @ 0x00000200) -- Updating DA cache (64 bytes @ 0x00000200) -- Read from DA cache (1 bytes @ 0x00000228) - Data: 06  returns 0x00 (0001ms, 0487ms total)
03-00000000-00-00003205-002F: Read 1 bytes @ address 0x00000228 (Data = 0x06)
03-00000000-00-00003205-002B: Downloading 8192 bytes @ address 0x07FC9400
02-00000000-00-00003249-00C7: T08E0 003:209 JLINK_WriteMem(0x07FC9400, 0x2000 Bytes, ...) - Data: 01 43 99 80 D9 88 40 20 01 43 89 B2 D9 80 1D 49 ... -- CPU_WriteMem(8192 bytes @ 0x07FC9400)  returns 0x2000 (0044ms, 0531ms total)
03-00000000-00-00003249-0029: Downloading 14 bytes @ address 0x00004E6D
02-00000000-00-00003250-00B9: T08E0 003:253 JLINK_WriteMem(0x00004E6D, 0x000E Bytes, ...) - Data: 01 03 0A 00 00 94 FC 07 00 20 00 20 00 00 -- CPU_WriteMem(14 bytes @ 0x00004E6D)  returns 0x0E (0001ms, 0532ms total)
03-00000000-00-00003250-0028: Downloading 4 bytes @ address 0x0000021C
02-00000000-00-00003251-009A: T08E0 003:254 JLINK_WriteMem(0x0000021C, 0x0004 Bytes, ...) - Data: 04 00 00 00 -- CPU_WriteMem(4 bytes @ 0x0000021C)  returns 0x04 (0001ms, 0533ms total)
03-00000000-00-00003251-0019: Performing single step...
02-00000000-00-00003252-0096: T08E0 003:255 JLINK_Step() -- CPU_ReadMem(2 bytes @ 0x000013CE) -- CPU_ReadMem(4 bytes @ 0xE0001004) -- Simulated  returns 0x00 (0001ms, 0534ms total)
02-00000000-00-00003252-0043: T08E0 003:256 JLINK_IsHalted()  returns TRUE (0000ms, 0534ms total)
02-00000000-00-00003252-0050: T08E0 003:256 JLINK_ReadReg(R15 (PC))  returns 0x000013D0 (0000ms, 0534ms total)
02-00000000-00-00003252-0045: T08E0 003:256 JLINK_GetMOEs(...)  returns 0x01 (0000ms, 0534ms total)
02-00000000-00-00003253-0095: T08E0 003:256 JLINK_ReadMemU16(0x000013D0, 0x0001 Items, ...) -- CPU_ReadMem(2 bytes @ 0x000013D0) - Data: 33 1C  returns 0x01 (0001ms, 0535ms total)
03-00000000-00-00003253-002A: ...Breakpoint reached @ address 0x000013D0
03-00000000-00-00003253-0016: Starting target CPU...
02-00000000-00-00003253-0043: T08E0 003:257 JLINK_IsHalted()  returns TRUE (0000ms, 0535ms total)
02-00000000-00-00003257-00E7: T08E0 003:257 JLINK_GoEx(MaxEmulInsts = -1, Flags = 0x00) -- CPU_ReadMem(4 bytes @ 0xE0001000) -- CPU_WriteMem(4 bytes @ 0xE000ED30) -- CPU_WriteMem(4 bytes @ 0xE0001000) -- CPU_WriteMem(4 bytes @ 0xE0001004) (0004ms, 0539ms total)
02-00000000-00-00003257-0044: T08E0 003:261 JLINK_IsHalted()  returns FALSE (0000ms, 0539ms total)
02-00000000-00-00003279-0044: T08E0 003:283 JLINK_IsHalted()  returns FALSE (0000ms, 0539ms total)
02-00000000-00-00003300-0044: T08E0 003:304 JLINK_IsHalted()  returns FALSE (0000ms, 0539ms total)
02-00000000-00-00003321-0044: T08E0 003:325 JLINK_IsHalted()  returns FALSE (0000ms, 0539ms total)
02-00000000-00-00003342-0044: T08E0 003:346 JLINK_IsHalted()  returns FALSE (0000ms, 0539ms total)
02-00000000-00-00003366-0043: T08E0 003:367 JLINK_IsHalted()  returns TRUE (0003ms, 0542ms total)
02-00000000-00-00003366-0050: T08E0 003:370 JLINK_ReadReg(R15 (PC))  returns 0x000013CE (0000ms, 0539ms total)
02-00000000-00-00003367-006A: T08E0 003:370 JLINK_GetMOEs(...) -- CPU_ReadMem(4 bytes @ 0xE000ED30)  returns 0x01 (0001ms, 0540ms total)
02-00000000-00-00003368-00F0: T08E0 003:371 JLINK_ReadMemU16(0x000013CE, 0x0001 Items, ...) -- CPU_ReadMem(64 bytes @ 0x000013C0) -- Updating DA cache (64 bytes @ 0x000013C0) -- Read from DA cache (2 bytes @ 0x000013CE) - Data: 0C BE  returns 0x01 (0001ms, 0541ms total)
02-00000000-00-00003369-00EB: T08E0 003:372 JLINK_ReadMem (0x00000228, 0x0001 Bytes, ...) -- CPU_ReadMem(64 bytes @ 0x00000200) -- Updating DA cache (64 bytes @ 0x00000200) -- Read from DA cache (1 bytes @ 0x00000228) - Data: 06  returns 0x00 (0001ms, 0542ms total)
03-00000000-00-00003369-002F: Read 1 bytes @ address 0x00000228 (Data = 0x06)
03-00000000-00-00003369-002B: Downloading 8192 bytes @ address 0x07FC9400
02-00000000-00-00003413-00C7: T08E0 003:373 JLINK_WriteMem(0x07FC9400, 0x2000 Bytes, ...) - Data: 00 B5 83 B0 01 A8 FF F7 7D FF 03 B0 00 BD C0 46 ... -- CPU_WriteMem(8192 bytes @ 0x07FC9400)  returns 0x2000 (0044ms, 0586ms total)
03-00000000-00-00003413-0029: Downloading 14 bytes @ address 0x00004E6D
02-00000000-00-00003415-00B9: T08E0 003:417 JLINK_WriteMem(0x00004E6D, 0x000E Bytes, ...) - Data: 01 03 0A 00 00 94 FC 07 00 20 00 40 00 00 -- CPU_WriteMem(14 bytes @ 0x00004E6D)  returns 0x0E (0002ms, 0588ms total)
03-00000000-00-00003415-0028: Downloading 4 bytes @ address 0x0000021C
02-00000000-00-00003415-009A: T08E0 003:419 JLINK_WriteMem(0x0000021C, 0x0004 Bytes, ...) - Data: 05 00 00 00 -- CPU_WriteMem(4 bytes @ 0x0000021C)  returns 0x04 (0000ms, 0588ms total)
03-00000000-00-00003416-0019: Performing single step...
02-00000000-00-00003417-0096: T08E0 003:420 JLINK_Step() -- CPU_ReadMem(2 bytes @ 0x000013CE) -- CPU_ReadMem(4 bytes @ 0xE0001004) -- Simulated  returns 0x00 (0001ms, 0589ms total)
02-00000000-00-00003417-0043: T08E0 003:421 JLINK_IsHalted()  returns TRUE (0000ms, 0589ms total)
02-00000000-00-00003417-0050: T08E0 003:421 JLINK_ReadReg(R15 (PC))  returns 0x000013D0 (0000ms, 0589ms total)
02-00000000-00-00003417-0045: T08E0 003:421 JLINK_GetMOEs(...)  returns 0x01 (0000ms, 0589ms total)
02-00000000-00-00003417-0095: T08E0 003:421 JLINK_ReadMemU16(0x000013D0, 0x0001 Items, ...) -- CPU_ReadMem(2 bytes @ 0x000013D0) - Data: 33 1C  returns 0x01 (0000ms, 0589ms total)
03-00000000-00-00003417-002A: ...Breakpoint reached @ address 0x000013D0
03-00000000-00-00003417-0016: Starting target CPU...
02-00000000-00-00003417-0043: T08E0 003:421 JLINK_IsHalted()  returns TRUE (0000ms, 0589ms total)
02-00000000-00-00003422-00E7: T08E0 003:421 JLINK_GoEx(MaxEmulInsts = -1, Flags = 0x00) -- CPU_ReadMem(4 bytes @ 0xE0001000) -- CPU_WriteMem(4 bytes @ 0xE000ED30) -- CPU_WriteMem(4 bytes @ 0xE0001000) -- CPU_WriteMem(4 bytes @ 0xE0001004) (0005ms, 0594ms total)
02-00000000-00-00003422-0044: T08E0 003:426 JLINK_IsHalted()  returns FALSE (0000ms, 0594ms total)
02-00000000-00-00003443-0044: T08E0 003:447 JLINK_IsHalted()  returns FALSE (0000ms, 0594ms total)
02-00000000-00-00003464-0044: T08E0 003:468 JLINK_IsHalted()  returns FALSE (0000ms, 0594ms total)
02-00000000-00-00003485-0044: T08E0 003:489 JLINK_IsHalted()  returns FALSE (0000ms, 0594ms total)
02-00000000-00-00003506-0044: T08E0 003:510 JLINK_IsHalted()  returns FALSE (0000ms, 0594ms total)
02-00000000-00-00003530-0043: T08E0 003:531 JLINK_IsHalted()  returns TRUE (0003ms, 0597ms total)
02-00000000-00-00003530-0050: T08E0 003:534 JLINK_ReadReg(R15 (PC))  returns 0x000013CE (0000ms, 0594ms total)
02-00000000-00-00003531-006A: T08E0 003:534 JLINK_GetMOEs(...) -- CPU_ReadMem(4 bytes @ 0xE000ED30)  returns 0x01 (0001ms, 0595ms total)
02-00000000-00-00003532-00F0: T08E0 003:535 JLINK_ReadMemU16(0x000013CE, 0x0001 Items, ...) -- CPU_ReadMem(64 bytes @ 0x000013C0) -- Updating DA cache (64 bytes @ 0x000013C0) -- Read from DA cache (2 bytes @ 0x000013CE) - Data: 0C BE  returns 0x01 (0001ms, 0596ms total)
02-00000000-00-00003533-00EB: T08E0 003:536 JLINK_ReadMem (0x00000228, 0x0001 Bytes, ...) -- CPU_ReadMem(64 bytes @ 0x00000200) -- Updating DA cache (64 bytes @ 0x00000200) -- Read from DA cache (1 bytes @ 0x00000228) - Data: 06  returns 0x00 (0001ms, 0597ms total)
03-00000000-00-00003533-002F: Read 1 bytes @ address 0x00000228 (Data = 0x06)
03-00000000-00-00003533-002B: Downloading 8192 bytes @ address 0x07FC9400
02-00000000-00-00003577-00C7: T08E0 003:537 JLINK_WriteMem(0x07FC9400, 0x2000 Bytes, ...) - Data: 59 FB 00 28 03 D1 00 2D 03 D1 01 23 02 E0 01 23 ... -- CPU_WriteMem(8192 bytes @ 0x07FC9400)  returns 0x2000 (0044ms, 0641ms total)
03-00000000-00-00003577-0029: Downloading 14 bytes @ address 0x00004E6D
02-00000000-00-00003578-00B9: T08E0 003:581 JLINK_WriteMem(0x00004E6D, 0x000E Bytes, ...) - Data: 01 03 0A 00 00 94 FC 07 00 20 00 60 00 00 -- CPU_WriteMem(14 bytes @ 0x00004E6D)  returns 0x0E (0001ms, 0642ms total)
03-00000000-00-00003579-0028: Downloading 4 bytes @ address 0x0000021C
02-00000000-00-00003579-009A: T08E0 003:583 JLINK_WriteMem(0x0000021C, 0x0004 Bytes, ...) - Data: 06 00 00 00 -- CPU_WriteMem(4 bytes @ 0x0000021C)  returns 0x04 (0000ms, 0642ms total)
03-00000000-00-00003579-0019: Performing single step...
02-00000000-00-00003581-0096: T08E0 003:583 JLINK_Step() -- CPU_ReadMem(2 bytes @ 0x000013CE) -- CPU_ReadMem(4 bytes @ 0xE0001004) -- Simulated  returns 0x00 (0002ms, 0644ms total)
02-00000000-00-00003581-0043: T08E0 003:585 JLINK_IsHalted()  returns TRUE (0000ms, 0644ms total)
02-00000000-00-00003581-0050: T08E0 003:585 JLINK_ReadReg(R15 (PC))  returns 0x000013D0 (0000ms, 0644ms total)
02-00000000-00-00003581-0045: T08E0 003:585 JLINK_GetMOEs(...)  returns 0x01 (0000ms, 0644ms total)
02-00000000-00-00003581-0095: T08E0 003:585 JLINK_ReadMemU16(0x000013D0, 0x0001 Items, ...) -- CPU_ReadMem(2 bytes @ 0x000013D0) - Data: 33 1C  returns 0x01 (0000ms, 0644ms total)
03-00000000-00-00003581-002A: ...Breakpoint reached @ address 0x000013D0
03-00000000-00-00003581-0016: Starting target CPU...
02-00000000-00-00003581-0043: T08E0 003:585 JLINK_IsHalted()  returns TRUE (0000ms, 0644ms total)
02-00000000-00-00003585-00E7: T08E0 003:585 JLINK_GoEx(MaxEmulInsts = -1, Flags = 0x00) -- CPU_ReadMem(4 bytes @ 0xE0001000) -- CPU_WriteMem(4 bytes @ 0xE000ED30) -- CPU_WriteMem(4 bytes @ 0xE0001000) -- CPU_WriteMem(4 bytes @ 0xE0001004) (0004ms, 0648ms total)
02-00000000-00-00003586-0044: T08E0 003:589 JLINK_IsHalted()  returns FALSE (0001ms, 0649ms total)
02-00000000-00-00003607-0044: T08E0 003:611 JLINK_IsHalted()  returns FALSE (0000ms, 0648ms total)
02-00000000-00-00003628-0044: T08E0 003:632 JLINK_IsHalted()  returns FALSE (0000ms, 0648ms total)
02-00000000-00-00003649-0044: T08E0 003:653 JLINK_IsHalted()  returns FALSE (0000ms, 0648ms total)
02-00000000-00-00003670-0044: T08E0 003:674 JLINK_IsHalted()  returns FALSE (0000ms, 0648ms total)
02-00000000-00-00003694-0043: T08E0 003:695 JLINK_IsHalted()  returns TRUE (0003ms, 0651ms total)
02-00000000-00-00003694-0050: T08E0 003:698 JLINK_ReadReg(R15 (PC))  returns 0x000013CE (0000ms, 0648ms total)
02-00000000-00-00003695-006A: T08E0 003:698 JLINK_GetMOEs(...) -- CPU_ReadMem(4 bytes @ 0xE000ED30)  returns 0x01 (0001ms, 0649ms total)
02-00000000-00-00003695-00F0: T08E0 003:699 JLINK_ReadMemU16(0x000013CE, 0x0001 Items, ...) -- CPU_ReadMem(64 bytes @ 0x000013C0) -- Updating DA cache (64 bytes @ 0x000013C0) -- Read from DA cache (2 bytes @ 0x000013CE) - Data: 0C BE  returns 0x01 (0000ms, 0649ms total)
02-00000000-00-00003697-00EB: T08E0 003:700 JLINK_ReadMem (0x00000228, 0x0001 Bytes, ...) -- CPU_ReadMem(64 bytes @ 0x00000200) -- Updating DA cache (64 bytes @ 0x00000200) -- Read from DA cache (1 bytes @ 0x00000228) - Data: 06  returns 0x00 (0001ms, 0650ms total)
03-00000000-00-00003697-002F: Read 1 bytes @ address 0x00000228 (Data = 0x06)
03-00000000-00-00003697-002B: Downloading 8192 bytes @ address 0x07FC9400
02-00000000-00-00003741-00C7: T08E0 003:701 JLINK_WriteMem(0x07FC9400, 0x2000 Bytes, ...) - Data: D3 18 DB 00 C9 18 18 48 FF F7 8C FF 15 48 83 88 ... -- CPU_WriteMem(8192 bytes @ 0x07FC9400)  returns 0x2000 (0044ms, 0694ms total)
03-00000000-00-00003741-0029: Downloading 14 bytes @ address 0x00004E6D
02-00000000-00-00003743-00B9: T08E0 003:745 JLINK_WriteMem(0x00004E6D, 0x000E Bytes, ...) - Data: 01 03 0A 00 00 94 FC 07 00 20 00 80 00 00 -- CPU_WriteMem(14 bytes @ 0x00004E6D)  returns 0x0E (0002ms, 0696ms total)
03-00000000-00-00003743-0028: Downloading 4 bytes @ address 0x0000021C
02-00000000-00-00003744-009A: T08E0 003:747 JLINK_WriteMem(0x0000021C, 0x0004 Bytes, ...) - Data: 07 00 00 00 -- CPU_WriteMem(4 bytes @ 0x0000021C)  returns 0x04 (0001ms, 0697ms total)
03-00000000-00-00003744-0019: Performing single step...
02-00000000-00-00003745-0096: T08E0 003:748 JLINK_Step() -- CPU_ReadMem(2 bytes @ 0x000013CE) -- CPU_ReadMem(4 bytes @ 0xE0001004) -- Simulated  returns 0x00 (0001ms, 0698ms total)
02-00000000-00-00003745-0043: T08E0 003:749 JLINK_IsHalted()  returns TRUE (0000ms, 0698ms total)
02-00000000-00-00003745-0050: T08E0 003:749 JLINK_ReadReg(R15 (PC))  returns 0x000013D0 (0000ms, 0698ms total)
02-00000000-00-00003745-0045: T08E0 003:749 JLINK_GetMOEs(...)  returns 0x01 (0000ms, 0698ms total)
02-00000000-00-00003746-0095: T08E0 003:749 JLINK_ReadMemU16(0x000013D0, 0x0001 Items, ...) -- CPU_ReadMem(2 bytes @ 0x000013D0) - Data: 33 1C  returns 0x01 (0001ms, 0699ms total)
03-00000000-00-00003746-002A: ...Breakpoint reached @ address 0x000013D0
03-00000000-00-00003746-0016: Starting target CPU...
02-00000000-00-00003746-0043: T08E0 003:750 JLINK_IsHalted()  returns TRUE (0000ms, 0699ms total)
02-00000000-00-00003750-00E7: T08E0 003:750 JLINK_GoEx(MaxEmulInsts = -1, Flags = 0x00) -- CPU_ReadMem(4 bytes @ 0xE0001000) -- CPU_WriteMem(4 bytes @ 0xE000ED30) -- CPU_WriteMem(4 bytes @ 0xE0001000) -- CPU_WriteMem(4 bytes @ 0xE0001004) (0004ms, 0703ms total)
02-00000000-00-00003750-0044: T08E0 003:754 JLINK_IsHalted()  returns FALSE (0000ms, 0703ms total)
02-00000000-00-00003771-0044: T08E0 003:775 JLINK_IsHalted()  returns FALSE (0000ms, 0703ms total)
02-00000000-00-00003792-0044: T08E0 003:796 JLINK_IsHalted()  returns FALSE (0000ms, 0703ms total)
02-00000000-00-00003813-0044: T08E0 003:817 JLINK_IsHalted()  returns FALSE (0000ms, 0703ms total)
02-00000000-00-00003834-0044: T08E0 003:838 JLINK_IsHalted()  returns FALSE (0000ms, 0703ms total)
02-00000000-00-00003858-0043: T08E0 003:859 JLINK_IsHalted()  returns TRUE (0003ms, 0706ms total)
02-00000000-00-00003858-0050: T08E0 003:862 JLINK_ReadReg(R15 (PC))  returns 0x000013CE (0000ms, 0703ms total)
02-00000000-00-00003859-006A: T08E0 003:862 JLINK_GetMOEs(...) -- CPU_ReadMem(4 bytes @ 0xE000ED30)  returns 0x01 (0001ms, 0704ms total)
02-00000000-00-00003860-00F0: T08E0 003:863 JLINK_ReadMemU16(0x000013CE, 0x0001 Items, ...) -- CPU_ReadMem(64 bytes @ 0x000013C0) -- Updating DA cache (64 bytes @ 0x000013C0) -- Read from DA cache (2 bytes @ 0x000013CE) - Data: 0C BE  returns 0x01 (0001ms, 0705ms total)
02-00000000-00-00003861-00EB: T08E0 003:864 JLINK_ReadMem (0x00000228, 0x0001 Bytes, ...) -- CPU_ReadMem(64 bytes @ 0x00000200) -- Updating DA cache (64 bytes @ 0x00000200) -- Read from DA cache (1 bytes @ 0x00000228) - Data: 06  returns 0x00 (0001ms, 0706ms total)
03-00000000-00-00003861-002F: Read 1 bytes @ address 0x00000228 (Data = 0x06)
03-00000000-00-00003861-002B: Downloading 8192 bytes @ address 0x07FC9400
02-00000000-00-00003905-00C7: T08E0 003:865 JLINK_WriteMem(0x07FC9400, 0x2000 Bytes, ...) - Data: 00 E0 01 20 03 B0 30 BD 91 7C 00 08 70 B5 82 B0 ... -- CPU_WriteMem(8192 bytes @ 0x07FC9400)  returns 0x2000 (0044ms, 0750ms total)
03-00000000-00-00003905-0029: Downloading 14 bytes @ address 0x00004E6D
02-00000000-00-00003906-00B9: T08E0 003:909 JLINK_WriteMem(0x00004E6D, 0x000E Bytes, ...) - Data: 01 03 0A 00 00 94 FC 07 00 20 00 A0 00 00 -- CPU_WriteMem(14 bytes @ 0x00004E6D)  returns 0x0E (0001ms, 0751ms total)
03-00000000-00-00003906-0028: Downloading 4 bytes @ address 0x0000021C
02-00000000-00-00003907-009A: T08E0 003:910 JLINK_WriteMem(0x0000021C, 0x0004 Bytes, ...) - Data: 08 00 00 00 -- CPU_WriteMem(4 bytes @ 0x0000021C)  returns 0x04 (0001ms, 0752ms total)
03-00000000-00-00003907-0019: Performing single step...
02-00000000-00-00003908-0096: T08E0 003:911 JLINK_Step() -- CPU_ReadMem(2 bytes @ 0x000013CE) -- CPU_ReadMem(4 bytes @ 0xE0001004) -- Simulated  returns 0x00 (0001ms, 0753ms total)
02-00000000-00-00003908-0043: T08E0 003:912 JLINK_IsHalted()  returns TRUE (0000ms, 0753ms total)
02-00000000-00-00003908-0050: T08E0 003:912 JLINK_ReadReg(R15 (PC))  returns 0x000013D0 (0000ms, 0753ms total)
02-00000000-00-00003908-0045: T08E0 003:912 JLINK_GetMOEs(...)  returns 0x01 (0000ms, 0753ms total)
02-00000000-00-00003909-0095: T08E0 003:912 JLINK_ReadMemU16(0x000013D0, 0x0001 Items, ...) -- CPU_ReadMem(2 bytes @ 0x000013D0) - Data: 33 1C  returns 0x01 (0001ms, 0754ms total)
03-00000000-00-00003909-002A: ...Breakpoint reached @ address 0x000013D0
03-00000000-00-00003909-0016: Starting target CPU...
02-00000000-00-00003909-0043: T08E0 003:913 JLINK_IsHalted()  returns TRUE (0000ms, 0754ms total)
02-00000000-00-00003913-00E7: T08E0 003:913 JLINK_GoEx(MaxEmulInsts = -1, Flags = 0x00) -- CPU_ReadMem(4 bytes @ 0xE0001000) -- CPU_WriteMem(4 bytes @ 0xE000ED30) -- CPU_WriteMem(4 bytes @ 0xE0001000) -- CPU_WriteMem(4 bytes @ 0xE0001004) (0004ms, 0758ms total)
02-00000000-00-00003914-0044: T08E0 003:917 JLINK_IsHalted()  returns FALSE (0001ms, 0759ms total)
02-00000000-00-00003935-0044: T08E0 003:939 JLINK_IsHalted()  returns FALSE (0000ms, 0758ms total)
02-00000000-00-00003957-0044: T08E0 003:961 JLINK_IsHalted()  returns FALSE (0000ms, 0758ms total)
02-00000000-00-00003978-0044: T08E0 003:982 JLINK_IsHalted()  returns FALSE (0000ms, 0758ms total)
02-00000000-00-00003999-0044: T08E0 004:003 JLINK_IsHalted()  returns FALSE (0000ms, 0758ms total)
02-00000000-00-00004023-0043: T08E0 004:024 JLINK_IsHalted()  returns TRUE (0003ms, 0761ms total)
02-00000000-00-00004024-0050: T08E0 004:028 JLINK_ReadReg(R15 (PC))  returns 0x000013CE (0000ms, 0758ms total)
02-00000000-00-00004024-006A: T08E0 004:028 JLINK_GetMOEs(...) -- CPU_ReadMem(4 bytes @ 0xE000ED30)  returns 0x01 (0000ms, 0758ms total)
02-00000000-00-00004025-00F0: T08E0 004:028 JLINK_ReadMemU16(0x000013CE, 0x0001 Items, ...) -- CPU_ReadMem(64 bytes @ 0x000013C0) -- Updating DA cache (64 bytes @ 0x000013C0) -- Read from DA cache (2 bytes @ 0x000013CE) - Data: 0C BE  returns 0x01 (0001ms, 0759ms total)
02-00000000-00-00004026-00EB: T08E0 004:029 JLINK_ReadMem (0x00000228, 0x0001 Bytes, ...) -- CPU_ReadMem(64 bytes @ 0x00000200) -- Updating DA cache (64 bytes @ 0x00000200) -- Read from DA cache (1 bytes @ 0x00000228) - Data: 06  returns 0x00 (0001ms, 0760ms total)
03-00000000-00-00004026-002F: Read 1 bytes @ address 0x00000228 (Data = 0x06)
03-00000000-00-00004027-002B: Downloading 8192 bytes @ address 0x07FC9400
02-00000000-00-00004070-00C7: T08E0 004:031 JLINK_WriteMem(0x07FC9400, 0x2000 Bytes, ...) - Data: B8 F7 FC F8 FE E7 01 F0 55 FB 00 28 03 D1 00 2F ... -- CPU_WriteMem(8192 bytes @ 0x07FC9400)  returns 0x2000 (0043ms, 0803ms total)
03-00000000-00-00004071-0029: Downloading 14 bytes @ address 0x00004E6D
02-00000000-00-00004072-00B9: T08E0 004:075 JLINK_WriteMem(0x00004E6D, 0x000E Bytes, ...) - Data: 01 03 0A 00 00 94 FC 07 00 20 00 C0 00 00 -- CPU_WriteMem(14 bytes @ 0x00004E6D)  returns 0x0E (0001ms, 0804ms total)
03-00000000-00-00004072-0028: Downloading 4 bytes @ address 0x0000021C
02-00000000-00-00004073-009A: T08E0 004:076 JLINK_WriteMem(0x0000021C, 0x0004 Bytes, ...) - Data: 09 00 00 00 -- CPU_WriteMem(4 bytes @ 0x0000021C)  returns 0x04 (0001ms, 0805ms total)
03-00000000-00-00004073-0019: Performing single step...
02-00000000-00-00004074-0096: T08E0 004:077 JLINK_Step() -- CPU_ReadMem(2 bytes @ 0x000013CE) -- CPU_ReadMem(4 bytes @ 0xE0001004) -- Simulated  returns 0x00 (0001ms, 0806ms total)
02-00000000-00-00004074-0043: T08E0 004:078 JLINK_IsHalted()  returns TRUE (0000ms, 0806ms total)
02-00000000-00-00004074-0050: T08E0 004:078 JLINK_ReadReg(R15 (PC))  returns 0x000013D0 (0000ms, 0806ms total)
02-00000000-00-00004074-0045: T08E0 004:078 JLINK_GetMOEs(...)  returns 0x01 (0000ms, 0806ms total)
02-00000000-00-00004075-0095: T08E0 004:078 JLINK_ReadMemU16(0x000013D0, 0x0001 Items, ...) -- CPU_ReadMem(2 bytes @ 0x000013D0) - Data: 33 1C  returns 0x01 (0001ms, 0807ms total)
03-00000000-00-00004075-002A: ...Breakpoint reached @ address 0x000013D0
03-00000000-00-00004075-0016: Starting target CPU...
02-00000000-00-00004075-0043: T08E0 004:079 JLINK_IsHalted()  returns TRUE (0000ms, 0807ms total)
02-00000000-00-00004079-00E7: T08E0 004:079 JLINK_GoEx(MaxEmulInsts = -1, Flags = 0x00) -- CPU_ReadMem(4 bytes @ 0xE0001000) -- CPU_WriteMem(4 bytes @ 0xE000ED30) -- CPU_WriteMem(4 bytes @ 0xE0001000) -- CPU_WriteMem(4 bytes @ 0xE0001004) (0004ms, 0811ms total)
02-00000000-00-00004080-0044: T08E0 004:083 JLINK_IsHalted()  returns FALSE (0001ms, 0812ms total)
02-00000000-00-00004101-0044: T08E0 004:105 JLINK_IsHalted()  returns FALSE (0000ms, 0811ms total)
02-00000000-00-00004123-0044: T08E0 004:126 JLINK_IsHalted()  returns FALSE (0001ms, 0812ms total)
02-00000000-00-00004144-0044: T08E0 004:148 JLINK_IsHalted()  returns FALSE (0000ms, 0811ms total)
02-00000000-00-00004165-0044: T08E0 004:169 JLINK_IsHalted()  returns FALSE (0000ms, 0811ms total)
02-00000000-00-00004189-0043: T08E0 004:190 JLINK_IsHalted()  returns TRUE (0003ms, 0814ms total)
02-00000000-00-00004189-0050: T08E0 004:193 JLINK_ReadReg(R15 (PC))  returns 0x000013CE (0000ms, 0811ms total)
02-00000000-00-00004190-006A: T08E0 004:193 JLINK_GetMOEs(...) -- CPU_ReadMem(4 bytes @ 0xE000ED30)  returns 0x01 (0001ms, 0812ms total)
02-00000000-00-00004191-00F0: T08E0 004:194 JLINK_ReadMemU16(0x000013CE, 0x0001 Items, ...) -- CPU_ReadMem(64 bytes @ 0x000013C0) -- Updating DA cache (64 bytes @ 0x000013C0) -- Read from DA cache (2 bytes @ 0x000013CE) - Data: 0C BE  returns 0x01 (0001ms, 0813ms total)
02-00000000-00-00004192-00EB: T08E0 004:195 JLINK_ReadMem (0x00000228, 0x0001 Bytes, ...) -- CPU_ReadMem(64 bytes @ 0x00000200) -- Updating DA cache (64 bytes @ 0x00000200) -- Read from DA cache (1 bytes @ 0x00000228) - Data: 06  returns 0x00 (0001ms, 0814ms total)
03-00000000-00-00004192-002F: Read 1 bytes @ address 0x00000228 (Data = 0x06)
03-00000000-00-00004192-002B: Downloading 8192 bytes @ address 0x07FC9400
02-00000000-00-00004236-00C7: T08E0 004:196 JLINK_WriteMem(0x07FC9400, 0x2000 Bytes, ...) - Data: 0E F7 68 FE 43 42 58 41 C0 B2 00 E0 00 20 08 BD ... -- CPU_WriteMem(8192 bytes @ 0x07FC9400)  returns 0x2000 (0044ms, 0858ms total)
03-00000000-00-00004236-0029: Downloading 14 bytes @ address 0x00004E6D
02-00000000-00-00004237-00B9: T08E0 004:240 JLINK_WriteMem(0x00004E6D, 0x000E Bytes, ...) - Data: 01 03 0A 00 00 94 FC 07 00 20 00 E0 00 00 -- CPU_WriteMem(14 bytes @ 0x00004E6D)  returns 0x0E (0001ms, 0859ms total)
03-00000000-00-00004237-0028: Downloading 4 bytes @ address 0x0000021C
02-00000000-00-00004238-009A: T08E0 004:241 JLINK_WriteMem(0x0000021C, 0x0004 Bytes, ...) - Data: 0A 00 00 00 -- CPU_WriteMem(4 bytes @ 0x0000021C)  returns 0x04 (0001ms, 0860ms total)
03-00000000-00-00004238-0019: Performing single step...
02-00000000-00-00004239-0096: T08E0 004:242 JLINK_Step() -- CPU_ReadMem(2 bytes @ 0x000013CE) -- CPU_ReadMem(4 bytes @ 0xE0001004) -- Simulated  returns 0x00 (0001ms, 0861ms total)
02-00000000-00-00004239-0043: T08E0 004:243 JLINK_IsHalted()  returns TRUE (0000ms, 0861ms total)
02-00000000-00-00004239-0050: T08E0 004:243 JLINK_ReadReg(R15 (PC))  returns 0x000013D0 (0000ms, 0861ms total)
02-00000000-00-00004239-0045: T08E0 004:243 JLINK_GetMOEs(...)  returns 0x01 (0000ms, 0861ms total)
02-00000000-00-00004240-0095: T08E0 004:243 JLINK_ReadMemU16(0x000013D0, 0x0001 Items, ...) -- CPU_ReadMem(2 bytes @ 0x000013D0) - Data: 33 1C  returns 0x01 (0001ms, 0862ms total)
03-00000000-00-00004240-002A: ...Breakpoint reached @ address 0x000013D0
03-00000000-00-00004240-0016: Starting target CPU...
02-00000000-00-00004240-0043: T08E0 004:244 JLINK_IsHalted()  returns TRUE (0000ms, 0862ms total)
02-00000000-00-00004244-00E7: T08E0 004:244 JLINK_GoEx(MaxEmulInsts = -1, Flags = 0x00) -- CPU_ReadMem(4 bytes @ 0xE0001000) -- CPU_WriteMem(4 bytes @ 0xE000ED30) -- CPU_WriteMem(4 bytes @ 0xE0001000) -- CPU_WriteMem(4 bytes @ 0xE0001004) (0004ms, 0866ms total)
02-00000000-00-00004244-0044: T08E0 004:248 JLINK_IsHalted()  returns FALSE (0000ms, 0866ms total)
02-00000000-00-00004265-0044: T08E0 004:269 JLINK_IsHalted()  returns FALSE (0000ms, 0866ms total)
02-00000000-00-00004286-0044: T08E0 004:290 JLINK_IsHalted()  returns FALSE (0000ms, 0866ms total)
02-00000000-00-00004307-0044: T08E0 004:311 JLINK_IsHalted()  returns FALSE (0000ms, 0866ms total)
02-00000000-00-00004328-0044: T08E0 004:332 JLINK_IsHalted()  returns FALSE (0000ms, 0866ms total)
02-00000000-00-00004352-0043: T08E0 004:353 JLINK_IsHalted()  returns TRUE (0003ms, 0869ms total)
02-00000000-00-00004352-0050: T08E0 004:356 JLINK_ReadReg(R15 (PC))  returns 0x000013CE (0000ms, 0866ms total)
02-00000000-00-00004353-006A: T08E0 004:356 JLINK_GetMOEs(...) -- CPU_ReadMem(4 bytes @ 0xE000ED30)  returns 0x01 (0001ms, 0867ms total)
02-00000000-00-00004354-00F0: T08E0 004:357 JLINK_ReadMemU16(0x000013CE, 0x0001 Items, ...) -- CPU_ReadMem(64 bytes @ 0x000013C0) -- Updating DA cache (64 bytes @ 0x000013C0) -- Read from DA cache (2 bytes @ 0x000013CE) - Data: 0C BE  returns 0x01 (0001ms, 0868ms total)
02-00000000-00-00004355-00EB: T08E0 004:358 JLINK_ReadMem (0x00000228, 0x0001 Bytes, ...) -- CPU_ReadMem(64 bytes @ 0x00000200) -- Updating DA cache (64 bytes @ 0x00000200) -- Read from DA cache (1 bytes @ 0x00000228) - Data: 06  returns 0x00 (0001ms, 0869ms total)
03-00000000-00-00004355-002F: Read 1 bytes @ address 0x00000228 (Data = 0x06)
03-00000000-00-00004355-002B: Downloading 8192 bytes @ address 0x07FC9400
02-00000000-00-00004399-00C7: T08E0 004:359 JLINK_WriteMem(0x07FC9400, 0x2000 Bytes, ...) - Data: 83 40 18 1C 2B 68 18 43 28 60 EE E7 2B 68 DA 06 ... -- CPU_WriteMem(8192 bytes @ 0x07FC9400)  returns 0x2000 (0044ms, 0913ms total)
03-00000000-00-00004399-0029: Downloading 14 bytes @ address 0x00004E6D
02-00000000-00-00004400-00B9: T08E0 004:403 JLINK_WriteMem(0x00004E6D, 0x000E Bytes, ...) - Data: 01 03 0A 00 00 94 FC 07 00 20 00 00 01 00 -- CPU_WriteMem(14 bytes @ 0x00004E6D)  returns 0x0E (0001ms, 0914ms total)
03-00000000-00-00004401-0028: Downloading 4 bytes @ address 0x0000021C
02-00000000-00-00004401-009A: T08E0 004:405 JLINK_WriteMem(0x0000021C, 0x0004 Bytes, ...) - Data: 0B 00 00 00 -- CPU_WriteMem(4 bytes @ 0x0000021C)  returns 0x04 (0000ms, 0915ms total)
03-00000000-00-00004401-0019: Performing single step...
02-00000000-00-00004403-0096: T08E0 004:405 JLINK_Step() -- CPU_ReadMem(2 bytes @ 0x000013CE) -- CPU_ReadMem(4 bytes @ 0xE0001004) -- Simulated  returns 0x00 (0002ms, 0917ms total)
02-00000000-00-00004403-0043: T08E0 004:407 JLINK_IsHalted()  returns TRUE (0000ms, 0917ms total)
02-00000000-00-00004403-0050: T08E0 004:407 JLINK_ReadReg(R15 (PC))  returns 0x000013D0 (0000ms, 0917ms total)
02-00000000-00-00004403-0045: T08E0 004:407 JLINK_GetMOEs(...)  returns 0x01 (0000ms, 0917ms total)
02-00000000-00-00004403-0095: T08E0 004:407 JLINK_ReadMemU16(0x000013D0, 0x0001 Items, ...) -- CPU_ReadMem(2 bytes @ 0x000013D0) - Data: 33 1C  returns 0x01 (0000ms, 0917ms total)
03-00000000-00-00004403-002A: ...Breakpoint reached @ address 0x000013D0
03-00000000-00-00004404-0016: Starting target CPU...
02-00000000-00-00004404-0043: T08E0 004:408 JLINK_IsHalted()  returns TRUE (0000ms, 0917ms total)
02-00000000-00-00004407-00E7: T08E0 004:408 JLINK_GoEx(MaxEmulInsts = -1, Flags = 0x00) -- CPU_ReadMem(4 bytes @ 0xE0001000) -- CPU_WriteMem(4 bytes @ 0xE000ED30) -- CPU_WriteMem(4 bytes @ 0xE0001000) -- CPU_WriteMem(4 bytes @ 0xE0001004) (0003ms, 0920ms total)
02-00000000-00-00004408-0044: T08E0 004:411 JLINK_IsHalted()  returns FALSE (0001ms, 0921ms total)
02-00000000-00-00004422-0049: T0EAC 004:426 JLINK_GetHWStatus(...)  returns 0x00 (0000ms, 0920ms total)
02-00000000-00-00004429-0044: T08E0 004:433 JLINK_IsHalted()  returns FALSE (0000ms, 0920ms total)
02-00000000-00-00004450-0044: T08E0 004:454 JLINK_IsHalted()  returns FALSE (0000ms, 0920ms total)
02-00000000-00-00004471-0044: T08E0 004:475 JLINK_IsHalted()  returns FALSE (0000ms, 0920ms total)
02-00000000-00-00004492-0044: T08E0 004:496 JLINK_IsHalted()  returns FALSE (0000ms, 0920ms total)
02-00000000-00-00004516-0043: T08E0 004:517 JLINK_IsHalted()  returns TRUE (0003ms, 0923ms total)
02-00000000-00-00004516-0050: T08E0 004:520 JLINK_ReadReg(R15 (PC))  returns 0x000013CE (0000ms, 0920ms total)
02-00000000-00-00004517-006A: T08E0 004:520 JLINK_GetMOEs(...) -- CPU_ReadMem(4 bytes @ 0xE000ED30)  returns 0x01 (0001ms, 0921ms total)
02-00000000-00-00004518-00F0: T08E0 004:521 JLINK_ReadMemU16(0x000013CE, 0x0001 Items, ...) -- CPU_ReadMem(64 bytes @ 0x000013C0) -- Updating DA cache (64 bytes @ 0x000013C0) -- Read from DA cache (2 bytes @ 0x000013CE) - Data: 0C BE  returns 0x01 (0001ms, 0922ms total)
02-00000000-00-00004519-00EB: T08E0 004:522 JLINK_ReadMem (0x00000228, 0x0001 Bytes, ...) -- CPU_ReadMem(64 bytes @ 0x00000200) -- Updating DA cache (64 bytes @ 0x00000200) -- Read from DA cache (1 bytes @ 0x00000228) - Data: 06  returns 0x00 (0001ms, 0923ms total)
03-00000000-00-00004519-002F: Read 1 bytes @ address 0x00000228 (Data = 0x06)
03-00000000-00-00004519-002B: Downloading 8192 bytes @ address 0x07FC9400
02-00000000-00-00004563-00C7: T08E0 004:523 JLINK_WriteMem(0x07FC9400, 0x2000 Bytes, ...) - Data: 01 40 01 00 02 00 00 00 01 C0 00 00 08 00 01 00 ... -- CPU_WriteMem(8192 bytes @ 0x07FC9400)  returns 0x2000 (0044ms, 0967ms total)
03-00000000-00-00004563-0029: Downloading 14 bytes @ address 0x00004E6D
02-00000000-00-00004564-00B9: T08E0 004:567 JLINK_WriteMem(0x00004E6D, 0x000E Bytes, ...) - Data: 01 03 0A 00 00 94 FC 07 00 20 00 20 01 00 -- CPU_WriteMem(14 bytes @ 0x00004E6D)  returns 0x0E (0001ms, 0968ms total)
03-00000000-00-00004565-0028: Downloading 4 bytes @ address 0x0000021C
02-00000000-00-00004565-009A: T08E0 004:569 JLINK_WriteMem(0x0000021C, 0x0004 Bytes, ...) - Data: 0C 00 00 00 -- CPU_WriteMem(4 bytes @ 0x0000021C)  returns 0x04 (0000ms, 0968ms total)
03-00000000-00-00004565-0019: Performing single step...
02-00000000-00-00004567-0096: T08E0 004:569 JLINK_Step() -- CPU_ReadMem(2 bytes @ 0x000013CE) -- CPU_ReadMem(4 bytes @ 0xE0001004) -- Simulated  returns 0x00 (0002ms, 0970ms total)
02-00000000-00-00004567-0043: T08E0 004:571 JLINK_IsHalted()  returns TRUE (0000ms, 0970ms total)
02-00000000-00-00004567-0050: T08E0 004:571 JLINK_ReadReg(R15 (PC))  returns 0x000013D0 (0000ms, 0970ms total)
02-00000000-00-00004567-0045: T08E0 004:571 JLINK_GetMOEs(...)  returns 0x01 (0000ms, 0970ms total)
02-00000000-00-00004567-0095: T08E0 004:571 JLINK_ReadMemU16(0x000013D0, 0x0001 Items, ...) -- CPU_ReadMem(2 bytes @ 0x000013D0) - Data: 33 1C  returns 0x01 (0000ms, 0970ms total)
03-00000000-00-00004567-002A: ...Breakpoint reached @ address 0x000013D0
03-00000000-00-00004567-0016: Starting target CPU...
02-00000000-00-00004567-0043: T08E0 004:571 JLINK_IsHalted()  returns TRUE (0000ms, 0970ms total)
02-00000000-00-00004571-00E7: T08E0 004:571 JLINK_GoEx(MaxEmulInsts = -1, Flags = 0x00) -- CPU_ReadMem(4 bytes @ 0xE0001000) -- CPU_WriteMem(4 bytes @ 0xE000ED30) -- CPU_WriteMem(4 bytes @ 0xE0001000) -- CPU_WriteMem(4 bytes @ 0xE0001004) (0004ms, 0974ms total)
02-00000000-00-00004572-0044: T08E0 004:575 JLINK_IsHalted()  returns FALSE (0001ms, 0975ms total)
02-00000000-00-00004593-0044: T08E0 004:597 JLINK_IsHalted()  returns FALSE (0000ms, 0974ms total)
02-00000000-00-00004614-0044: T08E0 004:618 JLINK_IsHalted()  returns FALSE (0000ms, 0974ms total)
02-00000000-00-00004635-0044: T08E0 004:639 JLINK_IsHalted()  returns FALSE (0000ms, 0974ms total)
02-00000000-00-00004656-0044: T08E0 004:660 JLINK_IsHalted()  returns FALSE (0000ms, 0974ms total)
02-00000000-00-00004680-0043: T08E0 004:681 JLINK_IsHalted()  returns TRUE (0003ms, 0977ms total)
02-00000000-00-00004680-0050: T08E0 004:684 JLINK_ReadReg(R15 (PC))  returns 0x000013CE (0000ms, 0974ms total)
02-00000000-00-00004681-006A: T08E0 004:684 JLINK_GetMOEs(...) -- CPU_ReadMem(4 bytes @ 0xE000ED30)  returns 0x01 (0001ms, 0975ms total)
02-00000000-00-00004682-00F0: T08E0 004:685 JLINK_ReadMemU16(0x000013CE, 0x0001 Items, ...) -- CPU_ReadMem(64 bytes @ 0x000013C0) -- Updating DA cache (64 bytes @ 0x000013C0) -- Read from DA cache (2 bytes @ 0x000013CE) - Data: 0C BE  returns 0x01 (0001ms, 0976ms total)
02-00000000-00-00004683-00EB: T08E0 004:686 JLINK_ReadMem (0x00000228, 0x0001 Bytes, ...) -- CPU_ReadMem(64 bytes @ 0x00000200) -- Updating DA cache (64 bytes @ 0x00000200) -- Read from DA cache (1 bytes @ 0x00000228) - Data: 06  returns 0x00 (0001ms, 0977ms total)
03-00000000-00-00004683-002F: Read 1 bytes @ address 0x00000228 (Data = 0x06)
03-00000000-00-00004683-002B: Downloading 8192 bytes @ address 0x07FC9400
02-00000000-00-00004727-00C7: T08E0 004:687 JLINK_WriteMem(0x07FC9400, 0x2000 Bytes, ...) - Data: 80 21 49 00 52 58 13 40 A7 4A 13 42 12 D0 00 28 ... -- CPU_WriteMem(8192 bytes @ 0x07FC9400)  returns 0x2000 (0044ms, 1021ms total)
03-00000000-00-00004727-0029: Downloading 14 bytes @ address 0x00004E6D
02-00000000-00-00004728-00B9: T08E0 004:731 JLINK_WriteMem(0x00004E6D, 0x000E Bytes, ...) - Data: 01 03 0A 00 00 94 FC 07 00 20 00 40 01 00 -- CPU_WriteMem(14 bytes @ 0x00004E6D)  returns 0x0E (0001ms, 1022ms total)
03-00000000-00-00004728-0028: Downloading 4 bytes @ address 0x0000021C
02-00000000-00-00004729-009A: T08E0 004:732 JLINK_WriteMem(0x0000021C, 0x0004 Bytes, ...) - Data: 0D 00 00 00 -- CPU_WriteMem(4 bytes @ 0x0000021C)  returns 0x04 (0001ms, 1023ms total)
03-00000000-00-00004729-0019: Performing single step...
02-00000000-00-00004730-0096: T08E0 004:733 JLINK_Step() -- CPU_ReadMem(2 bytes @ 0x000013CE) -- CPU_ReadMem(4 bytes @ 0xE0001004) -- Simulated  returns 0x00 (0001ms, 1024ms total)
02-00000000-00-00004730-0043: T08E0 004:734 JLINK_IsHalted()  returns TRUE (0000ms, 1024ms total)
02-00000000-00-00004730-0050: T08E0 004:734 JLINK_ReadReg(R15 (PC))  returns 0x000013D0 (0000ms, 1024ms total)
02-00000000-00-00004730-0045: T08E0 004:734 JLINK_GetMOEs(...)  returns 0x01 (0000ms, 1024ms total)
02-00000000-00-00004731-0095: T08E0 004:734 JLINK_ReadMemU16(0x000013D0, 0x0001 Items, ...) -- CPU_ReadMem(2 bytes @ 0x000013D0) - Data: 33 1C  returns 0x01 (0001ms, 1025ms total)
03-00000000-00-00004731-002A: ...Breakpoint reached @ address 0x000013D0
03-00000000-00-00004731-0016: Starting target CPU...
02-00000000-00-00004731-0043: T08E0 004:735 JLINK_IsHalted()  returns TRUE (0000ms, 1025ms total)
02-00000000-00-00004735-00E7: T08E0 004:735 JLINK_GoEx(MaxEmulInsts = -1, Flags = 0x00) -- CPU_ReadMem(4 bytes @ 0xE0001000) -- CPU_WriteMem(4 bytes @ 0xE000ED30) -- CPU_WriteMem(4 bytes @ 0xE0001000) -- CPU_WriteMem(4 bytes @ 0xE0001004) (0004ms, 1029ms total)
02-00000000-00-00004736-0044: T08E0 004:739 JLINK_IsHalted()  returns FALSE (0001ms, 1030ms total)
02-00000000-00-00004757-0044: T08E0 004:761 JLINK_IsHalted()  returns FALSE (0000ms, 1029ms total)
02-00000000-00-00004778-0044: T08E0 004:782 JLINK_IsHalted()  returns FALSE (0000ms, 1029ms total)
02-00000000-00-00004799-0044: T08E0 004:803 JLINK_IsHalted()  returns FALSE (0000ms, 1029ms total)
02-00000000-00-00004820-0044: T08E0 004:824 JLINK_IsHalted()  returns FALSE (0000ms, 1029ms total)
02-00000000-00-00004844-0043: T08E0 004:845 JLINK_IsHalted()  returns TRUE (0003ms, 1032ms total)
02-00000000-00-00004844-0050: T08E0 004:848 JLINK_ReadReg(R15 (PC))  returns 0x000013CE (0000ms, 1029ms total)
02-00000000-00-00004845-006A: T08E0 004:848 JLINK_GetMOEs(...) -- CPU_ReadMem(4 bytes @ 0xE000ED30)  returns 0x01 (0001ms, 1030ms total)
02-00000000-00-00004846-00F0: T08E0 004:849 JLINK_ReadMemU16(0x000013CE, 0x0001 Items, ...) -- CPU_ReadMem(64 bytes @ 0x000013C0) -- Updating DA cache (64 bytes @ 0x000013C0) -- Read from DA cache (2 bytes @ 0x000013CE) - Data: 0C BE  returns 0x01 (0001ms, 1031ms total)
02-00000000-00-00004847-00EB: T08E0 004:850 JLINK_ReadMem (0x00000228, 0x0001 Bytes, ...) -- CPU_ReadMem(64 bytes @ 0x00000200) -- Updating DA cache (64 bytes @ 0x00000200) -- Read from DA cache (1 bytes @ 0x00000228) - Data: 06  returns 0x00 (0001ms, 1032ms total)
03-00000000-00-00004847-002F: Read 1 bytes @ address 0x00000228 (Data = 0x06)
03-00000000-00-00004847-002B: Downloading 2520 bytes @ address 0x07FC9400
02-00000000-00-00004861-00C6: T08E0 004:851 JLINK_WriteMem(0x07FC9400, 0x09D8 Bytes, ...) - Data: E3 8A 43 80 33 89 83 80 73 8A C3 80 78 E1 81 B2 ... -- CPU_WriteMem(2520 bytes @ 0x07FC9400)  returns 0x9D8 (0014ms, 1046ms total)
03-00000000-00-00004862-0029: Downloading 14 bytes @ address 0x00004E6D
02-00000000-00-00004863-00B9: T08E0 004:866 JLINK_WriteMem(0x00004E6D, 0x000E Bytes, ...) - Data: 01 03 0A 00 00 94 FC 07 D8 09 00 60 01 00 -- CPU_WriteMem(14 bytes @ 0x00004E6D)  returns 0x0E (0001ms, 1047ms total)
03-00000000-00-00004863-0028: Downloading 4 bytes @ address 0x0000021C
02-00000000-00-00004864-009A: T08E0 004:867 JLINK_WriteMem(0x0000021C, 0x0004 Bytes, ...) - Data: 0E 00 00 00 -- CPU_WriteMem(4 bytes @ 0x0000021C)  returns 0x04 (0001ms, 1048ms total)
03-00000000-00-00004864-0019: Performing single step...
02-00000000-00-00004865-0096: T08E0 004:868 JLINK_Step() -- CPU_ReadMem(2 bytes @ 0x000013CE) -- CPU_ReadMem(4 bytes @ 0xE0001004) -- Simulated  returns 0x00 (0001ms, 1049ms total)
02-00000000-00-00004865-0043: T08E0 004:869 JLINK_IsHalted()  returns TRUE (0000ms, 1049ms total)
02-00000000-00-00004865-0050: T08E0 004:869 JLINK_ReadReg(R15 (PC))  returns 0x000013D0 (0000ms, 1049ms total)
02-00000000-00-00004865-0045: T08E0 004:869 JLINK_GetMOEs(...)  returns 0x01 (0000ms, 1049ms total)
02-00000000-00-00004866-0095: T08E0 004:869 JLINK_ReadMemU16(0x000013D0, 0x0001 Items, ...) -- CPU_ReadMem(2 bytes @ 0x000013D0) - Data: 33 1C  returns 0x01 (0001ms, 1050ms total)
03-00000000-00-00004866-002A: ...Breakpoint reached @ address 0x000013D0
03-00000000-00-00004866-0016: Starting target CPU...
02-00000000-00-00004866-0043: T08E0 004:870 JLINK_IsHalted()  returns TRUE (0000ms, 1050ms total)
02-00000000-00-00004870-00E7: T08E0 004:870 JLINK_GoEx(MaxEmulInsts = -1, Flags = 0x00) -- CPU_ReadMem(4 bytes @ 0xE0001000) -- CPU_WriteMem(4 bytes @ 0xE000ED30) -- CPU_WriteMem(4 bytes @ 0xE0001000) -- CPU_WriteMem(4 bytes @ 0xE0001004) (0004ms, 1054ms total)
02-00000000-00-00004870-0044: T08E0 004:874 JLINK_IsHalted()  returns FALSE (0000ms, 1054ms total)
02-00000000-00-00004891-0044: T08E0 004:895 JLINK_IsHalted()  returns FALSE (0000ms, 1054ms total)
02-00000000-00-00004915-0043: T08E0 004:916 JLINK_IsHalted()  returns TRUE (0003ms, 1057ms total)
02-00000000-00-00004915-0050: T08E0 004:919 JLINK_ReadReg(R15 (PC))  returns 0x000013CE (0000ms, 1057ms total)
02-00000000-00-00004916-006A: T08E0 004:919 JLINK_GetMOEs(...) -- CPU_ReadMem(4 bytes @ 0xE000ED30)  returns 0x01 (0001ms, 1058ms total)
02-00000000-00-00004917-00F0: T08E0 004:920 JLINK_ReadMemU16(0x000013CE, 0x0001 Items, ...) -- CPU_ReadMem(64 bytes @ 0x000013C0) -- Updating DA cache (64 bytes @ 0x000013C0) -- Read from DA cache (2 bytes @ 0x000013CE) - Data: 0C BE  returns 0x01 (0001ms, 1059ms total)
02-00000000-00-00004918-00EB: T08E0 004:921 JLINK_ReadMem (0x00000228, 0x0001 Bytes, ...) -- CPU_ReadMem(64 bytes @ 0x00000200) -- Updating DA cache (64 bytes @ 0x00000200) -- Read from DA cache (1 bytes @ 0x00000228) - Data: 06  returns 0x00 (0001ms, 1060ms total)
03-00000000-00-00004918-002F: Read 1 bytes @ address 0x00000228 (Data = 0x06)
03-00000000-00-00004918-0028: Downloading 2 bytes @ address 0x07FC9400
02-00000000-00-00004919-0094: T08E0 004:922 JLINK_WriteMem(0x07FC9400, 0x0002 Bytes, ...) - Data: 71 51 -- CPU_WriteMem(2 bytes @ 0x07FC9400)  returns 0x02 (0001ms, 1061ms total)
03-00000000-00-00004919-0029: Downloading 14 bytes @ address 0x00004E6D
02-00000000-00-00004920-00B9: T08E0 004:923 JLINK_WriteMem(0x00004E6D, 0x000E Bytes, ...) - Data: 01 03 0A 00 00 94 FC 07 02 00 00 00 00 00 -- CPU_WriteMem(14 bytes @ 0x00004E6D)  returns 0x0E (0001ms, 1062ms total)
03-00000000-00-00004920-0028: Downloading 4 bytes @ address 0x0000021C
02-00000000-00-00004921-009A: T08E0 004:924 JLINK_WriteMem(0x0000021C, 0x0004 Bytes, ...) - Data: 0F 00 00 00 -- CPU_WriteMem(4 bytes @ 0x0000021C)  returns 0x04 (0001ms, 1063ms total)
03-00000000-00-00004921-0019: Performing single step...
02-00000000-00-00004922-0096: T08E0 004:925 JLINK_Step() -- CPU_ReadMem(2 bytes @ 0x000013CE) -- CPU_ReadMem(4 bytes @ 0xE0001004) -- Simulated  returns 0x00 (0001ms, 1064ms total)
02-00000000-00-00004922-0043: T08E0 004:926 JLINK_IsHalted()  returns TRUE (0000ms, 1064ms total)
02-00000000-00-00004922-0050: T08E0 004:926 JLINK_ReadReg(R15 (PC))  returns 0x000013D0 (0000ms, 1064ms total)
02-00000000-00-00004922-0045: T08E0 004:926 JLINK_GetMOEs(...)  returns 0x01 (0000ms, 1064ms total)
02-00000000-00-00004923-0095: T08E0 004:926 JLINK_ReadMemU16(0x000013D0, 0x0001 Items, ...) -- CPU_ReadMem(2 bytes @ 0x000013D0) - Data: 33 1C  returns 0x01 (0001ms, 1065ms total)
03-00000000-00-00004923-002A: ...Breakpoint reached @ address 0x000013D0
03-00000000-00-00004923-0016: Starting target CPU...
02-00000000-00-00004923-0043: T08E0 004:927 JLINK_IsHalted()  returns TRUE (0000ms, 1065ms total)
02-00000000-00-00004926-00E7: T08E0 004:927 JLINK_GoEx(MaxEmulInsts = -1, Flags = 0x00) -- CPU_ReadMem(4 bytes @ 0xE0001000) -- CPU_WriteMem(4 bytes @ 0xE000ED30) -- CPU_WriteMem(4 bytes @ 0xE0001000) -- CPU_WriteMem(4 bytes @ 0xE0001004) (0003ms, 1068ms total)
02-00000000-00-00004930-0043: T08E0 004:930 JLINK_IsHalted()  returns TRUE (0004ms, 1072ms total)
02-00000000-00-00004930-0050: T08E0 004:934 JLINK_ReadReg(R15 (PC))  returns 0x000013CE (0000ms, 1068ms total)
02-00000000-00-00004930-006A: T08E0 004:934 JLINK_GetMOEs(...) -- CPU_ReadMem(4 bytes @ 0xE000ED30)  returns 0x01 (0000ms, 1068ms total)
02-00000000-00-00004931-00F0: T08E0 004:934 JLINK_ReadMemU16(0x000013CE, 0x0001 Items, ...) -- CPU_ReadMem(64 bytes @ 0x000013C0) -- Updating DA cache (64 bytes @ 0x000013C0) -- Read from DA cache (2 bytes @ 0x000013CE) - Data: 0C BE  returns 0x01 (0001ms, 1069ms total)
02-00000000-00-00004933-00EB: T08E0 004:936 JLINK_ReadMem (0x00000228, 0x0001 Bytes, ...) -- CPU_ReadMem(64 bytes @ 0x00000200) -- Updating DA cache (64 bytes @ 0x00000200) -- Read from DA cache (1 bytes @ 0x00000228) - Data: 06  returns 0x00 (0001ms, 1070ms total)
03-00000000-00-00004933-002F: Read 1 bytes @ address 0x00000228 (Data = 0x06)
03-00000000-00-00004933-001C: GDB closed TCP/IP connection
03-00000000-00-00005139-0037: Restoring target state and closing J-Link connection...
02-00000000-00-00005139-0041: T09C4 005:143 JLINK_IsOpen()  returns 0x01 (0000ms, 1070ms total)
02-00000000-00-00005139-0058: T09C4 005:143 JLINK_ExecCommand("ClrAllBPs", ...).   returns 0x00 (0000ms, 1070ms total)
03-00000000-00-00005152-0010: Shutting down...
